0 info it worked if it ends with ok
1 verbose cli [
1 verbose cli   '/usr/local/bin/node',
1 verbose cli   '/usr/local/bin/npm',
1 verbose cli   'install',
1 verbose cli   '--ignore-scripts',
1 verbose cli   '@types/lodash.merge@ts3.6',
1 verbose cli   '@types/lodash.template@ts3.6',
1 verbose cli   '@types/lodash.truncate@ts3.6',
1 verbose cli   '@types/lodash.uniq@ts3.6',
1 verbose cli   '@types/lz-string@ts3.6',
1 verbose cli   '@types/media-typer@ts3.6',
1 verbose cli   '@types/memory-fs@ts3.6',
1 verbose cli   '@types/memorystream@ts3.6',
1 verbose cli   '@types/merge-descriptors@ts3.6',
1 verbose cli   '@types/merge-stream@ts3.6',
1 verbose cli   '@types/merge2@ts3.6',
1 verbose cli   '@types/methods@ts3.6',
1 verbose cli   '@types/micromatch@ts3.6',
1 verbose cli   '@types/mime@ts3.6',
1 verbose cli   '@types/mime-db@ts3.6',
1 verbose cli   '@types/mime-types@ts3.6',
1 verbose cli   '@types/min-document@ts3.6',
1 verbose cli   '@types/min-indent@ts3.6',
1 verbose cli   '@types/minimalistic-assert@ts3.6',
1 verbose cli   '@types/minimatch@ts3.6',
1 verbose cli   '@types/minimist@ts3.6',
1 verbose cli   '@types/minizlib@ts3.6',
1 verbose cli   '@types/mkdirp@ts3.6',
1 verbose cli   '@types/move-concurrently@ts3.6',
1 verbose cli   '@types/ms@ts3.6',
1 verbose cli   '@types/multicast-dns@ts3.6',
1 verbose cli   '@types/mute-stream@ts3.6',
1 verbose cli   '@types/natural-compare@ts3.6',
1 verbose cli   '@types/negotiator@ts3.6',
1 verbose cli   '@types/next-tick@ts3.6',
1 verbose cli   '@types/nice-try@ts3.6',
1 verbose cli   '@types/node-fetch@ts3.6',
1 verbose cli   '@types/node-forge@ts3.6',
1 verbose cli   '@types/node-int64@ts3.6',
1 verbose cli   '@types/node-notifier@ts3.6',
1 verbose cli   '@types/normalize-package-data@ts3.6',
1 verbose cli   '@types/normalize-path@ts3.6',
1 verbose cli   '@types/num2fraction@ts3.6',
1 verbose cli   '@types/nwsapi@ts3.6',
1 verbose cli   '@types/object-assign@ts3.6',
1 verbose cli   '@types/object-inspect@ts3.6',
1 verbose cli   '@types/object-keys@ts3.6',
1 verbose cli   '@types/object.fromentries@ts3.6',
1 verbose cli   '@types/object.getownpropertydescriptors@ts3.6',
1 verbose cli   '@types/object.pick@ts3.6',
1 verbose cli   '@types/on-finished@ts3.6',
1 verbose cli   '@types/on-headers@ts3.6',
1 verbose cli   '@types/once@ts3.6',
1 verbose cli   '@types/optimize-css-assets-webpack-plugin@ts3.6',
1 verbose cli   '@types/os-tmpdir@ts3.6',
1 verbose cli   '@types/pako@ts3.6',
1 verbose cli   '@types/parallel-transform@ts3.6',
1 verbose cli   '@types/parse-json@ts3.6',
1 verbose cli   '@types/parseurl@ts3.6',
1 verbose cli   '@types/pascalcase@ts3.6',
1 verbose cli   '@types/path-browserify@ts3.6',
1 verbose cli   '@types/path-is-absolute@ts3.6',
1 verbose cli   '@types/path-is-inside@ts3.6',
1 verbose cli   '@types/path-parse@ts3.6',
1 verbose cli   '@types/pbkdf2@ts3.6',
1 verbose cli   '@types/picomatch@ts3.6',
1 verbose cli   '@types/pify@ts3.6',
1 verbose cli   '@types/postcss-flexbugs-fixes@ts3.6',
1 verbose cli   '@types/postcss-gap-properties@ts3.6',
1 verbose cli   '@types/postcss-modules-extract-imports@ts3.6',
1 verbose cli   '@types/postcss-modules-local-by-default@ts3.6',
1 verbose cli   '@types/postcss-modules-scope@ts3.6',
1 verbose cli   '@types/postcss-modules-values@ts3.6',
1 verbose cli   '@types/postcss-normalize@ts3.6',
1 verbose cli   '@types/postcss-preset-env@ts3.6',
1 verbose cli   '@types/postcss-safe-parser@ts3.6',
1 verbose cli   '@types/prelude-ls@ts3.6',
1 verbose cli   '@types/prettier-linter-helpers@ts3.6',
1 verbose cli   '@types/progress@ts3.6',
1 verbose cli   '@types/promise-inflight@ts3.6',
1 verbose cli   '@types/prompts@ts3.6',
1 verbose cli   '@types/prop-types@ts3.6',
1 verbose cli   '@types/proxy-addr@ts3.6',
1 verbose cli   '@types/psl@ts3.6',
1 verbose cli   '@types/pump@ts3.6',
1 verbose cli   '@types/pumpify@ts3.6',
1 verbose cli   '@types/punycode@ts3.6',
1 verbose cli   '@types/q@ts3.6',
1 verbose cli   '@types/qs@ts3.6',
1 verbose cli   '@types/querystringify@ts3.6',
1 verbose cli   '@types/raf@ts3.6',
1 verbose cli   '@types/randombytes@ts3.6',
1 verbose cli   '@types/range-parser@ts3.6',
1 verbose cli   '@types/react-dev-utils@ts3.6',
1 verbose cli   '@types/react-is@ts3.6',
1 verbose cli   '@types/react-refresh@ts3.6',
1 verbose cli   '@types/react-router@ts3.6',
1 verbose cli   '@types/readable-stream@ts3.6',
1 verbose cli   '@types/recursive-readdir@ts3.6',
1 verbose cli   '@types/regenerate@ts3.6',
1 verbose cli   '@types/regenerator-runtime@ts3.6',
1 verbose cli   ... 113 more items
1 verbose cli ]
2 info using npm@6.14.6
3 info using node@v12.18.3
4 verbose npm-session e3bb584d02282b16
5 silly install loadCurrentTree
6 silly install readLocalPackageData
7 http fetch GET 304 https://registry.npmjs.org/@types%2flodash.merge 444ms (from cache)
8 silly pacote tag manifest for @types/lodash.merge@ts3.6 fetched in 473ms
9 http fetch GET 304 https://registry.npmjs.org/@types%2flodash.template 470ms (from cache)
10 http fetch GET 304 https://registry.npmjs.org/@types%2fmemorystream 452ms (from cache)
11 silly pacote tag manifest for @types/lodash.template@ts3.6 fetched in 488ms
12 http fetch GET 304 https://registry.npmjs.org/@types%2flodash.uniq 497ms (from cache)
13 silly pacote tag manifest for @types/memorystream@ts3.6 fetched in 490ms
14 silly pacote tag manifest for @types/lodash.uniq@ts3.6 fetched in 526ms
15 http fetch GET 304 https://registry.npmjs.org/@types%2fmemory-fs 523ms (from cache)
16 http fetch GET 304 https://registry.npmjs.org/@types%2flz-string 551ms (from cache)
17 silly pacote tag manifest for @types/memory-fs@ts3.6 fetched in 544ms
18 silly pacote tag manifest for @types/lz-string@ts3.6 fetched in 569ms
19 http fetch GET 304 https://registry.npmjs.org/@types%2fmerge-descriptors 565ms (from cache)
20 http fetch GET 304 https://registry.npmjs.org/@types%2fmedia-typer 587ms (from cache)
21 silly pacote tag manifest for @types/merge-descriptors@ts3.6 fetched in 579ms
22 silly pacote tag manifest for @types/media-typer@ts3.6 fetched in 597ms
23 http fetch GET 304 https://registry.npmjs.org/@types%2fmerge2 188ms (from cache)
24 silly pacote tag manifest for @types/merge2@ts3.6 fetched in 200ms
25 http fetch GET 304 https://registry.npmjs.org/@types%2fmicromatch 171ms (from cache)
26 http fetch GET 304 https://registry.npmjs.org/@types%2fmerge-stream 667ms (from cache)
27 http fetch GET 304 https://registry.npmjs.org/@types%2flodash.truncate 696ms (from cache)
28 silly pacote tag manifest for @types/micromatch@ts3.6 fetched in 188ms
29 silly pacote tag manifest for @types/merge-stream@ts3.6 fetched in 682ms
30 http fetch GET 304 https://registry.npmjs.org/@types%2fmime 174ms (from cache)
31 silly pacote tag manifest for @types/lodash.truncate@ts3.6 fetched in 716ms
32 silly pacote tag manifest for @types/mime@ts3.6 fetched in 200ms
33 http fetch GET 304 https://registry.npmjs.org/@types%2fmethods 295ms (from cache)
34 silly pacote tag manifest for @types/methods@ts3.6 fetched in 310ms
35 http fetch GET 304 https://registry.npmjs.org/@types%2fmime-db 266ms (from cache)
36 http fetch GET 304 https://registry.npmjs.org/@types%2fmin-indent 232ms (from cache)
37 http fetch GET 304 https://registry.npmjs.org/@types%2fmime-types 270ms (from cache)
38 silly pacote tag manifest for @types/mime-db@ts3.6 fetched in 287ms
39 silly pacote tag manifest for @types/min-indent@ts3.6 fetched in 245ms
40 http fetch GET 304 https://registry.npmjs.org/@types%2fminimalistic-assert 200ms (from cache)
41 silly pacote tag manifest for @types/mime-types@ts3.6 fetched in 282ms
42 http fetch GET 200 https://registry.npmjs.org/@types%2fmin-document 273ms
43 silly pacote tag manifest for @types/minimalistic-assert@ts3.6 fetched in 220ms
44 http fetch GET 304 https://registry.npmjs.org/@types%2fminimatch 206ms (from cache)
45 silly pacote tag manifest for @types/minimatch@ts3.6 fetched in 221ms
46 http fetch GET 304 https://registry.npmjs.org/@types%2fminizlib 219ms (from cache)
47 silly pacote tag manifest for @types/minizlib@ts3.6 fetched in 244ms
48 http fetch GET 304 https://registry.npmjs.org/@types%2fminimist 282ms (from cache)
49 http fetch GET 304 https://registry.npmjs.org/@types%2fmove-concurrently 198ms (from cache)
50 silly pacote tag manifest for @types/minimist@ts3.6 fetched in 293ms
51 silly pacote tag manifest for @types/move-concurrently@ts3.6 fetched in 206ms
52 http fetch GET 304 https://registry.npmjs.org/@types%2fmkdirp 244ms (from cache)
53 silly pacote tag manifest for @types/mkdirp@ts3.6 fetched in 261ms
54 http fetch GET 304 https://registry.npmjs.org/@types%2fmulticast-dns 189ms (from cache)
55 http fetch GET 304 https://registry.npmjs.org/@types%2fnatural-compare 172ms (from cache)
56 silly pacote tag manifest for @types/multicast-dns@ts3.6 fetched in 202ms
57 silly pacote tag manifest for @types/natural-compare@ts3.6 fetched in 186ms
58 http fetch GET 304 https://registry.npmjs.org/@types%2fmute-stream 234ms (from cache)
59 http fetch GET 304 https://registry.npmjs.org/@types%2fnext-tick 145ms (from cache)
60 silly pacote tag manifest for @types/next-tick@ts3.6 fetched in 156ms
61 http fetch GET 304 https://registry.npmjs.org/@types%2fnice-try 131ms (from cache)
62 http fetch GET 304 https://registry.npmjs.org/@types%2fnegotiator 215ms (from cache)
63 silly pacote tag manifest for @types/nice-try@ts3.6 fetched in 145ms
64 silly pacote tag manifest for @types/mute-stream@ts3.6 fetched in 292ms
65 silly pacote tag manifest for @types/negotiator@ts3.6 fetched in 232ms
66 http fetch GET 304 https://registry.npmjs.org/@types%2fnode-forge 159ms (from cache)
67 silly pacote tag manifest for @types/node-forge@ts3.6 fetched in 172ms
68 http fetch GET 304 https://registry.npmjs.org/@types%2fnode-int64 158ms (from cache)
69 http fetch GET 304 https://registry.npmjs.org/@types%2fnode-notifier 159ms (from cache)
70 silly pacote tag manifest for @types/node-int64@ts3.6 fetched in 168ms
71 silly pacote tag manifest for @types/node-notifier@ts3.6 fetched in 166ms
72 http fetch GET 304 https://registry.npmjs.org/@types%2fnode-fetch 228ms (from cache)
73 silly pacote tag manifest for @types/node-fetch@ts3.6 fetched in 247ms
74 http fetch GET 304 https://registry.npmjs.org/@types%2fnormalize-package-data 148ms (from cache)
75 silly pacote tag manifest for @types/normalize-package-data@ts3.6 fetched in 163ms
76 http fetch GET 304 https://registry.npmjs.org/@types%2fnormalize-path 182ms (from cache)
77 http fetch GET 304 https://registry.npmjs.org/@types%2fnum2fraction 176ms (from cache)
78 silly pacote tag manifest for @types/normalize-path@ts3.6 fetched in 195ms
79 http fetch GET 304 https://registry.npmjs.org/@types%2fnwsapi 184ms (from cache)
80 silly pacote tag manifest for @types/num2fraction@ts3.6 fetched in 192ms
81 http fetch GET 304 https://registry.npmjs.org/@types%2fobject-assign 150ms (from cache)
82 silly pacote tag manifest for @types/nwsapi@ts3.6 fetched in 195ms
83 silly pacote tag manifest for @types/object-assign@ts3.6 fetched in 168ms
84 http fetch GET 304 https://registry.npmjs.org/@types%2fobject-keys 151ms (from cache)
85 silly pacote tag manifest for @types/object-keys@ts3.6 fetched in 161ms
86 http fetch GET 304 https://registry.npmjs.org/@types%2fobject.fromentries 148ms (from cache)
87 silly pacote tag manifest for @types/object.fromentries@ts3.6 fetched in 150ms
88 http fetch GET 304 https://registry.npmjs.org/@types%2fobject-inspect 188ms (from cache)
89 silly pacote tag manifest for @types/object-inspect@ts3.6 fetched in 197ms
90 http fetch GET 304 https://registry.npmjs.org/@types%2fobject.getownpropertydescriptors 156ms (from cache)
91 silly pacote tag manifest for @types/object.getownpropertydescriptors@ts3.6 fetched in 159ms
92 http fetch GET 304 https://registry.npmjs.org/@types%2fobject.pick 106ms (from cache)
93 silly pacote tag manifest for @types/object.pick@ts3.6 fetched in 109ms
94 http fetch GET 304 https://registry.npmjs.org/@types%2foptimize-css-assets-webpack-plugin 117ms (from cache)
95 http fetch GET 304 https://registry.npmjs.org/@types%2fonce 153ms (from cache)
96 silly pacote tag manifest for @types/optimize-css-assets-webpack-plugin@ts3.6 fetched in 137ms
97 silly pacote tag manifest for @types/once@ts3.6 fetched in 167ms
98 http fetch GET 304 https://registry.npmjs.org/@types%2fpako 168ms (from cache)
99 http fetch GET 304 https://registry.npmjs.org/@types%2fon-finished 250ms (from cache)
100 http fetch GET 304 https://registry.npmjs.org/@types%2fparallel-transform 153ms (from cache)
101 silly pacote tag manifest for @types/pako@ts3.6 fetched in 177ms
102 silly pacote tag manifest for @types/on-finished@ts3.6 fetched in 258ms
103 http fetch GET 304 https://registry.npmjs.org/@types%2fon-headers 247ms (from cache)
104 http fetch GET 304 https://registry.npmjs.org/@types%2fparse-json 153ms (from cache)
105 silly pacote tag manifest for @types/parallel-transform@ts3.6 fetched in 165ms
106 silly pacote tag manifest for @types/on-headers@ts3.6 fetched in 259ms
107 silly pacote tag manifest for @types/parse-json@ts3.6 fetched in 169ms
108 http fetch GET 304 https://registry.npmjs.org/@types%2fos-tmpdir 233ms (from cache)
109 silly pacote tag manifest for @types/os-tmpdir@ts3.6 fetched in 242ms
110 http fetch GET 304 https://registry.npmjs.org/@types%2fpath-browserify 135ms (from cache)
111 silly registry:manifest no matching version for @types/path-browserify@ts3.6 in the cache. Forcing revalidation.
112 http fetch GET 304 https://registry.npmjs.org/@types%2fpath-is-inside 149ms (from cache)
113 http fetch GET 304 https://registry.npmjs.org/@types%2fpath-parse 155ms (from cache)
114 silly pacote tag manifest for @types/path-is-inside@ts3.6 fetched in 163ms
115 http fetch GET 304 https://registry.npmjs.org/@types%2fpath-is-absolute 179ms (from cache)
116 http fetch GET 304 https://registry.npmjs.org/@types%2fparseurl 257ms (from cache)
117 silly pacote tag manifest for @types/path-parse@ts3.6 fetched in 176ms
118 silly pacote tag manifest for @types/path-is-absolute@ts3.6 fetched in 192ms
119 silly pacote tag manifest for @types/parseurl@ts3.6 fetched in 271ms
120 http fetch GET 304 https://registry.npmjs.org/@types%2fpbkdf2 182ms (from cache)
121 http fetch GET 304 https://registry.npmjs.org/@types%2fpascalcase 270ms (from cache)
122 http fetch GET 304 https://registry.npmjs.org/@types%2fpicomatch 174ms (from cache)
123 silly pacote tag manifest for @types/pbkdf2@ts3.6 fetched in 193ms
124 silly pacote tag manifest for @types/pascalcase@ts3.6 fetched in 291ms
125 silly pacote tag manifest for @types/picomatch@ts3.6 fetched in 191ms
126 http fetch GET 304 https://registry.npmjs.org/@types%2fpify 90ms (from cache)
127 silly pacote tag manifest for @types/pify@ts3.6 fetched in 97ms
128 http fetch GET 304 https://registry.npmjs.org/@types%2fpostcss-gap-properties 147ms (from cache)
129 silly pacote tag manifest for @types/postcss-gap-properties@ts3.6 fetched in 163ms
130 http fetch GET 304 https://registry.npmjs.org/@types%2fpostcss-modules-extract-imports 169ms (from cache)
131 http fetch GET 304 https://registry.npmjs.org/@types%2fpostcss-modules-scope 146ms (from cache)
132 http fetch GET 304 https://registry.npmjs.org/@types%2fpostcss-modules-local-by-default 159ms (from cache)
133 http fetch GET 304 https://registry.npmjs.org/@types%2fpostcss-modules-values 157ms (from cache)
134 silly pacote tag manifest for @types/postcss-modules-extract-imports@ts3.6 fetched in 195ms
135 silly pacote tag manifest for @types/postcss-modules-scope@ts3.6 fetched in 177ms
136 silly pacote tag manifest for @types/postcss-modules-local-by-default@ts3.6 fetched in 186ms
137 silly pacote tag manifest for @types/postcss-modules-values@ts3.6 fetched in 181ms
138 http fetch GET 304 https://registry.npmjs.org/@types%2fpostcss-flexbugs-fixes 227ms (from cache)
139 http fetch GET 200 https://registry.npmjs.org/@types%2fpath-browserify 292ms
140 silly fetchPackageMetaData error for @types/path-browserify@ts3.6 No matching version found for @types/path-browserify@ts3.6.
141 silly pacote tag manifest for @types/postcss-flexbugs-fixes@ts3.6 fetched in 264ms
142 http fetch GET 304 https://registry.npmjs.org/@types%2fpostcss-normalize 197ms (from cache)
143 silly pacote tag manifest for @types/postcss-normalize@ts3.6 fetched in 219ms
144 http fetch GET 200 https://registry.npmjs.org/@types/min-document/-/min-document-2.19.0.tgz 1289ms
145 http fetch GET 304 https://registry.npmjs.org/@types%2fpostcss-preset-env 218ms (from cache)
146 silly registry:manifest no matching version for @types/postcss-preset-env@ts3.6 in the cache. Forcing revalidation.
147 http fetch GET 304 https://registry.npmjs.org/@types%2fprelude-ls 188ms (from cache)
148 http fetch GET 304 https://registry.npmjs.org/@types%2fprettier-linter-helpers 195ms (from cache)
149 http fetch GET 304 https://registry.npmjs.org/@types%2fprogress 192ms (from cache)
150 http fetch GET 304 https://registry.npmjs.org/@types%2fpostcss-safe-parser 210ms (from cache)
151 silly pacote tag manifest for @types/prelude-ls@ts3.6 fetched in 213ms
152 silly pacote tag manifest for @types/progress@ts3.6 fetched in 208ms
153 silly pacote tag manifest for @types/prettier-linter-helpers@ts3.6 fetched in 214ms
154 http fetch GET 304 https://registry.npmjs.org/@types%2fpromise-inflight 182ms (from cache)
155 silly pacote tag manifest for @types/postcss-safe-parser@ts3.6 fetched in 233ms
156 http fetch GET 304 https://registry.npmjs.org/@types%2fprompts 174ms (from cache)
157 silly pacote tag manifest for @types/min-document@ts3.6 fetched in 1653ms
158 silly pacote tag manifest for @types/promise-inflight@ts3.6 fetched in 219ms
159 silly pacote tag manifest for @types/prompts@ts3.6 fetched in 213ms
160 http fetch GET 304 https://registry.npmjs.org/@types%2fprop-types 209ms (from cache)
161 silly pacote tag manifest for @types/prop-types@ts3.6 fetched in 212ms
162 http fetch GET 304 https://registry.npmjs.org/@types%2fpsl 119ms (from cache)
163 silly pacote tag manifest for @types/psl@ts3.6 fetched in 131ms
164 http fetch GET 200 https://registry.npmjs.org/@types%2fpostcss-preset-env 181ms
165 silly fetchPackageMetaData error for @types/postcss-preset-env@ts3.6 No matching version found for @types/postcss-preset-env@ts3.6.
166 http fetch GET 304 https://registry.npmjs.org/@types%2fpumpify 165ms (from cache)
167 http fetch GET 304 https://registry.npmjs.org/@types%2fpump 183ms (from cache)
168 silly pacote tag manifest for @types/pumpify@ts3.6 fetched in 176ms
169 silly pacote tag manifest for @types/pump@ts3.6 fetched in 193ms
170 http fetch GET 304 https://registry.npmjs.org/@types%2fqs 148ms (from cache)
171 http fetch GET 304 https://registry.npmjs.org/@types%2fquerystringify 134ms (from cache)
172 silly pacote tag manifest for @types/qs@ts3.6 fetched in 159ms
173 http fetch GET 304 https://registry.npmjs.org/@types%2fpunycode 181ms (from cache)
174 silly pacote tag manifest for @types/querystringify@ts3.6 fetched in 142ms
175 http fetch GET 304 https://registry.npmjs.org/@types%2fq 185ms (from cache)
176 silly pacote tag manifest for @types/punycode@ts3.6 fetched in 196ms
177 http fetch GET 304 https://registry.npmjs.org/@types%2fproxy-addr 240ms (from cache)
178 silly pacote tag manifest for @types/q@ts3.6 fetched in 199ms
179 silly pacote tag manifest for @types/proxy-addr@ts3.6 fetched in 255ms
180 http fetch GET 304 https://registry.npmjs.org/@types%2frandombytes 140ms (from cache)
181 silly pacote tag manifest for @types/randombytes@ts3.6 fetched in 144ms
182 http fetch GET 304 https://registry.npmjs.org/@types%2frange-parser 119ms (from cache)
183 http fetch GET 304 https://registry.npmjs.org/@types%2fraf 180ms (from cache)
184 silly pacote tag manifest for @types/range-parser@ts3.6 fetched in 128ms
185 http fetch GET 304 https://registry.npmjs.org/@types%2freact-dev-utils 126ms (from cache)
186 silly pacote tag manifest for @types/raf@ts3.6 fetched in 193ms
187 silly pacote tag manifest for @types/react-dev-utils@ts3.6 fetched in 145ms
188 http fetch GET 304 https://registry.npmjs.org/@types%2freact-refresh 166ms (from cache)
189 silly registry:manifest no matching version for @types/react-refresh@ts3.6 in the cache. Forcing revalidation.
190 http fetch GET 304 https://registry.npmjs.org/@types%2freact-router 159ms (from cache)
191 silly pacote tag manifest for @types/react-router@ts3.6 fetched in 181ms
192 http fetch GET 304 https://registry.npmjs.org/@types%2freadable-stream 177ms (from cache)
193 http fetch GET 304 https://registry.npmjs.org/@types%2frecursive-readdir 176ms (from cache)
194 silly pacote tag manifest for @types/readable-stream@ts3.6 fetched in 194ms
195 http fetch GET 304 https://registry.npmjs.org/@types%2freact-is 225ms (from cache)
196 silly pacote tag manifest for @types/recursive-readdir@ts3.6 fetched in 196ms
197 silly pacote tag manifest for @types/react-is@ts3.6 fetched in 238ms
198 http fetch GET 304 https://registry.npmjs.org/@types%2fregenerate 157ms (from cache)
199 silly registry:manifest no matching version for @types/regenerate@ts3.6 in the cache. Forcing revalidation.
200 http fetch GET 304 https://registry.npmjs.org/@types%2fregenerator-runtime 162ms (from cache)
201 silly pacote tag manifest for @types/regenerator-runtime@ts3.6 fetched in 165ms
202 http fetch GET 304 https://registry.npmjs.org/@types%2fregex-not 156ms (from cache)
203 silly registry:manifest no matching version for @types/regex-not@ts3.6 in the cache. Forcing revalidation.
204 http fetch GET 304 https://registry.npmjs.org/@types%2frelateurl 148ms (from cache)
205 silly pacote tag manifest for @types/relateurl@ts3.6 fetched in 160ms
206 http fetch GET 304 https://registry.npmjs.org/@types%2frepeat-element 112ms (from cache)
207 silly pacote tag manifest for @types/repeat-element@ts3.6 fetched in 115ms
208 http fetch GET 304 https://registry.npmjs.org/@types%2frepeat-string 106ms (from cache)
209 silly pacote tag manifest for @types/repeat-string@ts3.6 fetched in 116ms
210 http fetch GET 304 https://registry.npmjs.org/@types%2frequire-from-string 114ms (from cache)
211 silly pacote tag manifest for @types/require-from-string@ts3.6 fetched in 134ms
212 http fetch GET 200 https://registry.npmjs.org/@types%2freact-refresh 212ms
213 silly fetchPackageMetaData error for @types/react-refresh@ts3.6 No matching version found for @types/react-refresh@ts3.6.
214 http fetch GET 200 https://registry.npmjs.org/@types%2fregenerate 168ms
215 silly fetchPackageMetaData error for @types/regenerate@ts3.6 No matching version found for @types/regenerate@ts3.6.
216 http fetch GET 304 https://registry.npmjs.org/@types%2frequire-directory 189ms (from cache)
217 http fetch GET 304 https://registry.npmjs.org/@types%2frequires-port 160ms (from cache)
218 silly pacote tag manifest for @types/require-directory@ts3.6 fetched in 202ms
219 http fetch GET 304 https://registry.npmjs.org/@types%2fresolve 153ms (from cache)
220 silly pacote tag manifest for @types/requires-port@ts3.6 fetched in 175ms
221 silly pacote tag manifest for @types/resolve@ts3.6 fetched in 168ms
222 http fetch GET 304 https://registry.npmjs.org/@types%2fretry 147ms (from cache)
223 http fetch GET 200 https://registry.npmjs.org/@types%2fregex-not 208ms
224 silly pacote tag manifest for @types/retry@ts3.6 fetched in 160ms
225 silly fetchPackageMetaData error for @types/regex-not@ts3.6 No matching version found for @types/regex-not@ts3.6.
226 http fetch GET 304 https://registry.npmjs.org/@types%2frimraf 178ms (from cache)
227 http fetch GET 304 https://registry.npmjs.org/@types%2fripemd160 160ms (from cache)
228 silly pacote tag manifest for @types/rimraf@ts3.6 fetched in 188ms
229 http fetch GET 304 https://registry.npmjs.org/@types%2frsvp 151ms (from cache)
230 silly pacote tag manifest for @types/ripemd160@ts3.6 fetched in 174ms
231 silly pacote tag manifest for @types/rsvp@ts3.6 fetched in 169ms
232 http fetch GET 304 https://registry.npmjs.org/@types%2frun-parallel 154ms (from cache)
233 silly pacote tag manifest for @types/run-parallel@ts3.6 fetched in 172ms
234 http fetch GET 304 https://registry.npmjs.org/@types%2fsafe-regex 188ms (from cache)
235 silly pacote tag manifest for @types/safe-regex@ts3.6 fetched in 199ms
236 http fetch GET 304 https://registry.npmjs.org/@types%2fsane 181ms (from cache)
237 http fetch GET 304 https://registry.npmjs.org/@types%2fsass-loader 164ms (from cache)
238 silly pacote tag manifest for @types/sane@ts3.6 fetched in 195ms
239 http fetch GET 304 https://registry.npmjs.org/@types%2fsax 167ms (from cache)
240 silly pacote tag manifest for @types/sass-loader@ts3.6 fetched in 177ms
241 silly pacote tag manifest for @types/sax@ts3.6 fetched in 181ms
242 http fetch GET 304 https://registry.npmjs.org/@types%2fsafer-buffer 231ms (from cache)
243 http fetch GET 304 https://registry.npmjs.org/@types%2fscheduler 149ms (from cache)
244 silly pacote tag manifest for @types/safer-buffer@ts3.6 fetched in 240ms
245 silly pacote tag manifest for @types/scheduler@ts3.6 fetched in 161ms
246 http fetch GET 304 https://registry.npmjs.org/@types%2fselfsigned 150ms (from cache)
247 silly registry:manifest no matching version for @types/selfsigned@ts3.6 in the cache. Forcing revalidation.
248 http fetch GET 304 https://registry.npmjs.org/@types%2fsemver 165ms (from cache)
249 silly pacote tag manifest for @types/semver@ts3.6 fetched in 171ms
250 http fetch GET 304 https://registry.npmjs.org/@types%2fsemver-compare 163ms (from cache)
251 http fetch GET 304 https://registry.npmjs.org/@types%2fserialize-javascript 112ms (from cache)
252 silly pacote tag manifest for @types/semver-compare@ts3.6 fetched in 173ms
253 silly pacote tag manifest for @types/serialize-javascript@ts3.6 fetched in 124ms
254 http fetch GET 304 https://registry.npmjs.org/@types%2fserve-index 133ms (from cache)
255 silly pacote tag manifest for @types/serve-index@ts3.6 fetched in 145ms
256 http fetch GET 304 https://registry.npmjs.org/@types%2fserve-static 143ms (from cache)
257 http fetch GET 304 https://registry.npmjs.org/@types%2fms 2418ms (from cache)
258 silly pacote tag manifest for @types/serve-static@ts3.6 fetched in 155ms
259 silly pacote tag manifest for @types/ms@ts3.6 fetched in 2430ms
260 http fetch GET 304 https://registry.npmjs.org/@types%2fsend 220ms (from cache)
261 http fetch GET 304 https://registry.npmjs.org/@types%2fset-value 162ms (from cache)
262 silly pacote tag manifest for @types/send@ts3.6 fetched in 235ms
263 silly pacote tag manifest for @types/set-value@ts3.6 fetched in 177ms
264 http fetch GET 304 https://registry.npmjs.org/@types%2fsetimmediate 149ms (from cache)
265 http fetch GET 200 https://registry.npmjs.org/@types%2fselfsigned 193ms
266 silly fetchPackageMetaData error for @types/selfsigned@ts3.6 No matching version found for @types/selfsigned@ts3.6.
267 silly pacote tag manifest for @types/setimmediate@ts3.6 fetched in 161ms
268 http fetch GET 304 https://registry.npmjs.org/@types%2fsha.js 156ms (from cache)
269 http fetch GET 304 https://registry.npmjs.org/@types%2fshebang-command 152ms (from cache)
270 silly pacote tag manifest for @types/sha.js@ts3.6 fetched in 163ms
271 silly pacote tag manifest for @types/shebang-command@ts3.6 fetched in 159ms
272 http fetch GET 304 https://registry.npmjs.org/@types%2fshell-quote 139ms (from cache)
273 silly pacote tag manifest for @types/shell-quote@ts3.6 fetched in 153ms
274 http fetch GET 304 https://registry.npmjs.org/@types%2fsignal-exit 143ms (from cache)
275 silly pacote tag manifest for @types/signal-exit@ts3.6 fetched in 157ms
276 http fetch GET 304 https://registry.npmjs.org/@types%2fsimple-swizzle 159ms (from cache)
277 silly registry:manifest no matching version for @types/simple-swizzle@ts3.6 in the cache. Forcing revalidation.
278 http fetch GET 304 https://registry.npmjs.org/@types%2fslice-ansi 144ms (from cache)
279 http fetch GET 304 https://registry.npmjs.org/@types%2fsockjs 143ms (from cache)
280 silly pacote tag manifest for @types/slice-ansi@ts3.6 fetched in 149ms
281 http fetch GET 304 https://registry.npmjs.org/@types%2fsockjs-client 120ms (from cache)
282 http fetch GET 304 https://registry.npmjs.org/@types%2fsource-list-map 120ms (from cache)
283 silly pacote tag manifest for @types/sockjs@ts3.6 fetched in 151ms
284 silly pacote tag manifest for @types/sockjs-client@ts3.6 fetched in 131ms
285 silly pacote tag manifest for @types/source-list-map@ts3.6 fetched in 134ms
286 http fetch GET 304 https://registry.npmjs.org/@types%2fspdx-correct 131ms (from cache)
287 silly pacote tag manifest for @types/spdx-correct@ts3.6 fetched in 134ms
288 http fetch GET 304 https://registry.npmjs.org/@types%2fsource-map-support 143ms (from cache)
289 silly pacote tag manifest for @types/source-map-support@ts3.6 fetched in 149ms
290 http fetch GET 304 https://registry.npmjs.org/@types%2fsprintf 82ms (from cache)
291 silly pacote tag manifest for @types/sprintf@ts3.6 fetched in 86ms
292 http fetch GET 200 https://registry.npmjs.org/@types%2fsimple-swizzle 192ms
293 silly fetchPackageMetaData error for @types/simple-swizzle@ts3.6 No matching version found for @types/simple-swizzle@ts3.6.
294 http fetch GET 304 https://registry.npmjs.org/@types%2fsprintf-js 169ms (from cache)
295 http fetch GET 304 https://registry.npmjs.org/@types%2fssri 164ms (from cache)
296 http fetch GET 304 https://registry.npmjs.org/@types%2fstack-utils 160ms (from cache)
297 silly pacote tag manifest for @types/sprintf-js@ts3.6 fetched in 178ms
298 silly pacote tag manifest for @types/stack-utils@ts3.6 fetched in 170ms
299 silly pacote tag manifest for @types/ssri@ts3.6 fetched in 178ms
300 http fetch GET 304 https://registry.npmjs.org/@types%2fspdy 227ms (from cache)
301 http fetch GET 304 https://registry.npmjs.org/@types%2fspdx-expression-parse 251ms (from cache)
302 silly pacote tag manifest for @types/spdy@ts3.6 fetched in 238ms
303 silly pacote tag manifest for @types/spdx-expression-parse@ts3.6 fetched in 262ms
304 http fetch GET 304 https://registry.npmjs.org/@types%2fstream-each 154ms (from cache)
305 silly pacote tag manifest for @types/stream-each@ts3.6 fetched in 172ms
306 http fetch GET 304 https://registry.npmjs.org/@types%2fstream-shift 159ms (from cache)
307 silly pacote tag manifest for @types/stream-shift@ts3.6 fetched in 165ms
308 http fetch GET 304 https://registry.npmjs.org/@types%2fstrict-uri-encode 96ms (from cache)
309 silly pacote tag manifest for @types/strict-uri-encode@ts3.6 fetched in 109ms
310 http fetch GET 304 https://registry.npmjs.org/@types%2fstring.prototype.matchall 139ms (from cache)
311 http fetch GET 304 https://registry.npmjs.org/@types%2fstringify-object 148ms (from cache)
312 http fetch GET 304 https://registry.npmjs.org/@types%2fstring-natural-compare 150ms (from cache)
313 http fetch GET 304 https://registry.npmjs.org/@types%2fstrip-final-newline 130ms (from cache)
314 http fetch GET 304 https://registry.npmjs.org/@types%2fstrip-comments 138ms (from cache)
315 silly pacote tag manifest for @types/string.prototype.matchall@ts3.6 fetched in 159ms
316 silly pacote tag manifest for @types/strip-final-newline@ts3.6 fetched in 146ms
317 silly pacote tag manifest for @types/string-natural-compare@ts3.6 fetched in 168ms
318 silly pacote tag manifest for @types/stringify-object@ts3.6 fetched in 168ms
319 silly pacote tag manifest for @types/strip-comments@ts3.6 fetched in 158ms
320 http fetch GET 304 https://registry.npmjs.org/@types%2fsupports-color 137ms (from cache)
321 silly pacote tag manifest for @types/supports-color@ts3.6 fetched in 159ms
322 http fetch GET 304 https://registry.npmjs.org/@types%2fsvg-parser 157ms (from cache)
323 silly pacote tag manifest for @types/svg-parser@ts3.6 fetched in 160ms
324 http fetch GET 304 https://registry.npmjs.org/@types%2fsvgo 151ms (from cache)
325 silly pacote tag manifest for @types/svgo@ts3.6 fetched in 157ms
326 http fetch GET 304 https://registry.npmjs.org/@types%2fsymbol-tree 137ms (from cache)
327 http fetch GET 304 https://registry.npmjs.org/@types%2ftar 130ms (from cache)
328 http fetch GET 304 https://registry.npmjs.org/@types%2ftext-table 132ms (from cache)
329 silly pacote tag manifest for @types/symbol-tree@ts3.6 fetched in 153ms
330 silly pacote tag manifest for @types/tar@ts3.6 fetched in 148ms
331 silly pacote tag manifest for @types/text-table@ts3.6 fetched in 150ms
332 http fetch GET 304 https://registry.npmjs.org/@types%2fthrough2 127ms (from cache)
333 silly pacote tag manifest for @types/through2@ts3.6 fetched in 143ms
334 http fetch GET 304 https://registry.npmjs.org/@types%2fthunky 143ms (from cache)
335 silly pacote tag manifest for @types/thunky@ts3.6 fetched in 149ms
336 http fetch GET 304 https://registry.npmjs.org/@types%2ftapable 210ms (from cache)
337 http fetch GET 304 https://registry.npmjs.org/@types%2ftimsort 134ms (from cache)
338 silly pacote tag manifest for @types/tapable@ts3.6 fetched in 215ms
339 silly pacote tag manifest for @types/timsort@ts3.6 fetched in 139ms
340 http fetch GET 304 https://registry.npmjs.org/@types%2fthrough 224ms (from cache)
341 silly pacote tag manifest for @types/through@ts3.6 fetched in 226ms
342 http fetch GET 304 https://registry.npmjs.org/@types%2fto-regex 110ms (from cache)
343 silly registry:manifest no matching version for @types/to-regex@ts3.6 in the cache. Forcing revalidation.
344 http fetch GET 304 https://registry.npmjs.org/@types%2fto-regex-range 88ms (from cache)
345 silly registry:manifest no matching version for @types/to-regex-range@ts3.6 in the cache. Forcing revalidation.
346 http fetch GET 304 https://registry.npmjs.org/@types%2ftough-cookie 116ms (from cache)
347 silly pacote tag manifest for @types/tough-cookie@ts3.6 fetched in 136ms
348 http fetch GET 304 https://registry.npmjs.org/@types%2ftr46 140ms (from cache)
349 silly registry:manifest no matching version for @types/tr46@ts3.6 in the cache. Forcing revalidation.
350 http fetch GET 304 https://registry.npmjs.org/@types%2ftmp 219ms (from cache)
351 http fetch GET 304 https://registry.npmjs.org/@types%2ftryer 147ms (from cache)
352 silly pacote tag manifest for @types/tmp@ts3.6 fetched in 229ms
353 silly pacote tag manifest for @types/tryer@ts3.6 fetched in 160ms
354 http fetch GET 304 https://registry.npmjs.org/@types%2ftmpl 255ms (from cache)
355 silly registry:manifest no matching version for @types/tmpl@ts3.6 in the cache. Forcing revalidation.
356 http fetch GET 200 https://registry.npmjs.org/@types%2fto-regex 171ms
357 silly fetchPackageMetaData error for @types/to-regex@ts3.6 No matching version found for @types/to-regex@ts3.6.
358 http fetch GET 200 https://registry.npmjs.org/@types%2fto-regex-range 167ms
359 silly fetchPackageMetaData error for @types/to-regex-range@ts3.6 No matching version found for @types/to-regex-range@ts3.6.
360 http fetch GET 304 https://registry.npmjs.org/@types%2ftype-check 224ms (from cache)
361 http fetch GET 200 https://registry.npmjs.org/@types%2ftr46 109ms
362 silly fetchPackageMetaData error for @types/tr46@ts3.6 No matching version found for @types/tr46@ts3.6.
363 silly pacote tag manifest for @types/type-check@ts3.6 fetched in 236ms
364 http fetch GET 304 https://registry.npmjs.org/@types%2ftype-detect 142ms (from cache)
365 silly pacote tag manifest for @types/type-detect@ts3.6 fetched in 150ms
366 http fetch GET 304 https://registry.npmjs.org/@types%2ftypedarray-to-buffer 119ms (from cache)
367 silly registry:manifest no matching version for @types/typedarray-to-buffer@ts3.6 in the cache. Forcing revalidation.
368 http fetch GET 304 https://registry.npmjs.org/@types%2funiversalify 81ms (from cache)
369 silly pacote tag manifest for @types/universalify@ts3.6 fetched in 83ms
370 http fetch GET 304 https://registry.npmjs.org/@types%2ftype-is 186ms (from cache)
371 silly pacote tag manifest for @types/type-is@ts3.6 fetched in 192ms
372 http fetch GET 200 https://registry.npmjs.org/@types%2ftmpl 170ms
373 silly fetchPackageMetaData error for @types/tmpl@ts3.6 No matching version found for @types/tmpl@ts3.6.
374 http fetch GET 304 https://registry.npmjs.org/@types%2furl-parse 117ms (from cache)
375 http fetch GET 304 https://registry.npmjs.org/@types%2furix 125ms (from cache)
376 silly pacote tag manifest for @types/url-parse@ts3.6 fetched in 127ms
377 silly pacote tag manifest for @types/urix@ts3.6 fetched in 135ms
378 http fetch GET 304 https://registry.npmjs.org/@types%2futil-deprecate 130ms (from cache)
379 silly pacote tag manifest for @types/util-deprecate@ts3.6 fetched in 133ms
380 http fetch GET 200 https://registry.npmjs.org/@types%2ftypedarray-to-buffer 139ms
381 silly fetchPackageMetaData error for @types/typedarray-to-buffer@ts3.6 No matching version found for @types/typedarray-to-buffer@ts3.6.
382 http fetch GET 304 https://registry.npmjs.org/@types%2futil.promisify 114ms (from cache)
383 silly pacote tag manifest for @types/util.promisify@ts3.6 fetched in 119ms
384 http fetch GET 304 https://registry.npmjs.org/@types%2fvalidate-npm-package-license 81ms (from cache)
385 silly pacote tag manifest for @types/validate-npm-package-license@ts3.6 fetched in 84ms
386 http fetch GET 304 https://registry.npmjs.org/@types%2futils-merge 137ms (from cache)
387 silly pacote tag manifest for @types/utils-merge@ts3.6 fetched in 149ms
388 http fetch GET 304 https://registry.npmjs.org/@types%2fw3c-xmlserializer 82ms (from cache)
389 silly pacote tag manifest for @types/w3c-xmlserializer@ts3.6 fetched in 89ms
390 http fetch GET 304 https://registry.npmjs.org/@types%2fuuid 155ms (from cache)
391 silly pacote tag manifest for @types/uuid@ts3.6 fetched in 158ms
392 http fetch GET 304 https://registry.npmjs.org/@types%2fvary 154ms (from cache)
393 silly pacote tag manifest for @types/vary@ts3.6 fetched in 159ms
394 http fetch GET 304 https://registry.npmjs.org/@types%2fw3c-hr-time 156ms (from cache)
395 silly pacote tag manifest for @types/w3c-hr-time@ts3.6 fetched in 162ms
396 http fetch GET 304 https://registry.npmjs.org/@types%2fwebidl-conversions 92ms (from cache)
397 http fetch GET 304 https://registry.npmjs.org/@types%2fwatchpack 165ms (from cache)
398 silly pacote tag manifest for @types/webidl-conversions@ts3.6 fetched in 99ms
399 http fetch GET 304 https://registry.npmjs.org/@types%2fwebpack 91ms (from cache)
400 silly pacote tag manifest for @types/watchpack@ts3.6 fetched in 179ms
401 silly pacote tag manifest for @types/webpack@ts3.6 fetched in 107ms
402 http fetch GET 304 https://registry.npmjs.org/@types%2fwebpack-manifest-plugin 125ms (from cache)
403 silly pacote tag manifest for @types/webpack-manifest-plugin@ts3.6 fetched in 128ms
404 http fetch GET 304 https://registry.npmjs.org/@types%2fwebpack-sources 114ms (from cache)
405 silly pacote tag manifest for @types/webpack-sources@ts3.6 fetched in 118ms
406 http fetch GET 304 https://registry.npmjs.org/@types%2fwhatwg-encoding 102ms (from cache)
407 http fetch GET 304 https://registry.npmjs.org/@types%2fwcwidth 218ms (from cache)
408 silly pacote tag manifest for @types/whatwg-encoding@ts3.6 fetched in 121ms
409 silly pacote tag manifest for @types/wcwidth@ts3.6 fetched in 265ms
410 http fetch GET 304 https://registry.npmjs.org/@types%2fwhatwg-mimetype 156ms (from cache)
411 http fetch GET 304 https://registry.npmjs.org/@types%2fwhatwg-url 145ms (from cache)
412 http fetch GET 304 https://registry.npmjs.org/@types%2funiq 535ms (from cache)
413 http fetch GET 304 https://registry.npmjs.org/@types%2fwhich 141ms (from cache)
414 silly pacote tag manifest for @types/whatwg-mimetype@ts3.6 fetched in 165ms
415 silly pacote tag manifest for @types/whatwg-url@ts3.6 fetched in 152ms
416 silly pacote tag manifest for @types/uniq@ts3.6 fetched in 545ms
417 silly pacote tag manifest for @types/which@ts3.6 fetched in 150ms
418 http fetch GET 304 https://registry.npmjs.org/@types%2fwhich-pm-runs 125ms (from cache)
419 silly pacote tag manifest for @types/which-pm-runs@ts3.6 fetched in 137ms
420 http fetch GET 304 https://registry.npmjs.org/@types%2fworkbox-sw 125ms (from cache)
421 silly pacote tag manifest for @types/workbox-sw@ts3.6 fetched in 132ms
422 http fetch GET 304 https://registry.npmjs.org/@types%2fworkbox-webpack-plugin 96ms (from cache)
423 silly pacote tag manifest for @types/workbox-webpack-plugin@ts3.6 fetched in 101ms
424 http fetch GET 304 https://registry.npmjs.org/@types%2fworkbox-build 180ms (from cache)
425 silly pacote tag manifest for @types/workbox-build@ts3.6 fetched in 190ms
426 http fetch GET 304 https://registry.npmjs.org/@types%2fxml-name-validator 113ms (from cache)
427 silly registry:manifest no matching version for @types/xml-name-validator@ts3.6 in the cache. Forcing revalidation.
428 http fetch GET 304 https://registry.npmjs.org/@types%2fwrap-ansi 122ms (from cache)
429 http fetch GET 304 https://registry.npmjs.org/@types%2fws 120ms (from cache)
430 http fetch GET 304 https://registry.npmjs.org/@types%2fxtend 101ms (from cache)
431 silly pacote tag manifest for @types/wrap-ansi@ts3.6 fetched in 132ms
432 silly pacote tag manifest for @types/ws@ts3.6 fetched in 128ms
433 silly pacote tag manifest for @types/xtend@ts3.6 fetched in 106ms
434 http fetch GET 304 https://registry.npmjs.org/@types%2fyargs 105ms (from cache)
435 http fetch GET 304 https://registry.npmjs.org/@types%2fyargs-parser 87ms (from cache)
436 silly pacote tag manifest for @types/yargs@ts3.6 fetched in 111ms
437 silly pacote tag manifest for @types/yargs-parser@ts3.6 fetched in 91ms
438 http fetch GET 304 https://registry.npmjs.org/@types%2fyallist 205ms (from cache)
439 silly pacote tag manifest for @types/yallist@ts3.6 fetched in 211ms
440 http fetch GET 200 https://registry.npmjs.org/@types%2fxml-name-validator 197ms
441 silly fetchPackageMetaData error for @types/xml-name-validator@ts3.6 No matching version found for @types/xml-name-validator@ts3.6.
442 http fetch GET 304 https://registry.npmjs.org/@types%2fwrite-file-atomic 488ms (from cache)
443 silly pacote tag manifest for @types/write-file-atomic@ts3.6 fetched in 501ms
444 http fetch GET 304 https://registry.npmjs.org/@types%2fset-cookie-parser 2365ms (from cache)
445 silly pacote tag manifest for @types/set-cookie-parser@ts3.6 fetched in 2370ms
446 http fetch GET 304 https://registry.npmjs.org/@types%2fstatuses 2366ms (from cache)
447 silly pacote tag manifest for @types/statuses@ts3.6 fetched in 2378ms
448 timing stage:rollbackFailedOptional Completed in 3ms
449 timing stage:runTopLevelLifecycles Completed in 6011ms
450 verbose type tag
451 verbose stack @types/path-browserify: No matching version found for @types/path-browserify@ts3.6.
451 verbose stack     at pickManifest (/usr/local/lib/node_modules/npm/node_modules/npm-pick-manifest/index.js:122:13)
451 verbose stack     at /usr/local/lib/node_modules/npm/node_modules/pacote/lib/fetchers/registry/manifest.js:43:18
451 verbose stack     at tryCatcher (/usr/local/lib/node_modules/npm/node_modules/bluebird/js/release/util.js:16:23)
451 verbose stack     at Promise._settlePromiseFromHandler (/usr/local/lib/node_modules/npm/node_modules/bluebird/js/release/promise.js:517:31)
451 verbose stack     at Promise._settlePromise (/usr/local/lib/node_modules/npm/node_modules/bluebird/js/release/promise.js:574:18)
451 verbose stack     at Promise._settlePromise0 (/usr/local/lib/node_modules/npm/node_modules/bluebird/js/release/promise.js:619:10)
451 verbose stack     at Promise._settlePromises (/usr/local/lib/node_modules/npm/node_modules/bluebird/js/release/promise.js:699:18)
451 verbose stack     at _drainQueueStep (/usr/local/lib/node_modules/npm/node_modules/bluebird/js/release/async.js:138:12)
451 verbose stack     at _drainQueue (/usr/local/lib/node_modules/npm/node_modules/bluebird/js/release/async.js:131:9)
451 verbose stack     at Async._drainQueues (/usr/local/lib/node_modules/npm/node_modules/bluebird/js/release/async.js:147:5)
451 verbose stack     at Immediate.Async.drainQueues [as _onImmediate] (/usr/local/lib/node_modules/npm/node_modules/bluebird/js/release/async.js:17:14)
451 verbose stack     at processImmediate (internal/timers.js:456:21)
452 verbose cwd /home/theia/.cache/typescript/3.6
453 verbose Linux 5.10.16.3-microsoft-standard-WSL2
454 verbose argv "/usr/local/bin/node" "/usr/local/bin/npm" "install" "--ignore-scripts" "@types/lodash.merge@ts3.6" "@types/lodash.template@ts3.6" "@types/lodash.truncate@ts3.6" "@types/lodash.uniq@ts3.6" "@types/lz-string@ts3.6" "@types/media-typer@ts3.6" "@types/memory-fs@ts3.6" "@types/memorystream@ts3.6" "@types/merge-descriptors@ts3.6" "@types/merge-stream@ts3.6" "@types/merge2@ts3.6" "@types/methods@ts3.6" "@types/micromatch@ts3.6" "@types/mime@ts3.6" "@types/mime-db@ts3.6" "@types/mime-types@ts3.6" "@types/min-document@ts3.6" "@types/min-indent@ts3.6" "@types/minimalistic-assert@ts3.6" "@types/minimatch@ts3.6" "@types/minimist@ts3.6" "@types/minizlib@ts3.6" "@types/mkdirp@ts3.6" "@types/move-concurrently@ts3.6" "@types/ms@ts3.6" "@types/multicast-dns@ts3.6" "@types/mute-stream@ts3.6" "@types/natural-compare@ts3.6" "@types/negotiator@ts3.6" "@types/next-tick@ts3.6" "@types/nice-try@ts3.6" "@types/node-fetch@ts3.6" "@types/node-forge@ts3.6" "@types/node-int64@ts3.6" "@types/node-notifier@ts3.6" "@types/normalize-package-data@ts3.6" "@types/normalize-path@ts3.6" "@types/num2fraction@ts3.6" "@types/nwsapi@ts3.6" "@types/object-assign@ts3.6" "@types/object-inspect@ts3.6" "@types/object-keys@ts3.6" "@types/object.fromentries@ts3.6" "@types/object.getownpropertydescriptors@ts3.6" "@types/object.pick@ts3.6" "@types/on-finished@ts3.6" "@types/on-headers@ts3.6" "@types/once@ts3.6" "@types/optimize-css-assets-webpack-plugin@ts3.6" "@types/os-tmpdir@ts3.6" "@types/pako@ts3.6" "@types/parallel-transform@ts3.6" "@types/parse-json@ts3.6" "@types/parseurl@ts3.6" "@types/pascalcase@ts3.6" "@types/path-browserify@ts3.6" "@types/path-is-absolute@ts3.6" "@types/path-is-inside@ts3.6" "@types/path-parse@ts3.6" "@types/pbkdf2@ts3.6" "@types/picomatch@ts3.6" "@types/pify@ts3.6" "@types/postcss-flexbugs-fixes@ts3.6" "@types/postcss-gap-properties@ts3.6" "@types/postcss-modules-extract-imports@ts3.6" "@types/postcss-modules-local-by-default@ts3.6" "@types/postcss-modules-scope@ts3.6" "@types/postcss-modules-values@ts3.6" "@types/postcss-normalize@ts3.6" "@types/postcss-preset-env@ts3.6" "@types/postcss-safe-parser@ts3.6" "@types/prelude-ls@ts3.6" "@types/prettier-linter-helpers@ts3.6" "@types/progress@ts3.6" "@types/promise-inflight@ts3.6" "@types/prompts@ts3.6" "@types/prop-types@ts3.6" "@types/proxy-addr@ts3.6" "@types/psl@ts3.6" "@types/pump@ts3.6" "@types/pumpify@ts3.6" "@types/punycode@ts3.6" "@types/q@ts3.6" "@types/qs@ts3.6" "@types/querystringify@ts3.6" "@types/raf@ts3.6" "@types/randombytes@ts3.6" "@types/range-parser@ts3.6" "@types/react-dev-utils@ts3.6" "@types/react-is@ts3.6" "@types/react-refresh@ts3.6" "@types/react-router@ts3.6" "@types/readable-stream@ts3.6" "@types/recursive-readdir@ts3.6" "@types/regenerate@ts3.6" "@types/regenerator-runtime@ts3.6" "@types/regex-not@ts3.6" "@types/relateurl@ts3.6" "@types/repeat-element@ts3.6" "@types/repeat-string@ts3.6" "@types/require-directory@ts3.6" "@types/require-from-string@ts3.6" "@types/requires-port@ts3.6" "@types/resolve@ts3.6" "@types/retry@ts3.6" "@types/rimraf@ts3.6" "@types/ripemd160@ts3.6" "@types/rsvp@ts3.6" "@types/run-parallel@ts3.6" "@types/safe-regex@ts3.6" "@types/safer-buffer@ts3.6" "@types/sane@ts3.6" "@types/sass-loader@ts3.6" "@types/sax@ts3.6" "@types/scheduler@ts3.6" "@types/selfsigned@ts3.6" "@types/semver@ts3.6" "@types/semver-compare@ts3.6" "@types/send@ts3.6" "@types/serialize-javascript@ts3.6" "@types/serve-index@ts3.6" "@types/serve-static@ts3.6" "@types/set-cookie-parser@ts3.6" "@types/set-value@ts3.6" "@types/setimmediate@ts3.6" "@types/sha.js@ts3.6" "@types/shebang-command@ts3.6" "@types/shell-quote@ts3.6" "@types/signal-exit@ts3.6" "@types/simple-swizzle@ts3.6" "@types/slice-ansi@ts3.6" "@types/sockjs@ts3.6" "@types/sockjs-client@ts3.6" "@types/source-list-map@ts3.6" "@types/source-map-support@ts3.6" "@types/spdx-correct@ts3.6" "@types/spdx-expression-parse@ts3.6" "@types/spdy@ts3.6" "@types/sprintf@ts3.6" "@types/sprintf-js@ts3.6" "@types/ssri@ts3.6" "@types/stack-utils@ts3.6" "@types/statuses@ts3.6" "@types/stream-each@ts3.6" "@types/stream-shift@ts3.6" "@types/strict-uri-encode@ts3.6" "@types/string-natural-compare@ts3.6" "@types/string.prototype.matchall@ts3.6" "@types/stringify-object@ts3.6" "@types/strip-comments@ts3.6" "@types/strip-final-newline@ts3.6" "@types/supports-color@ts3.6" "@types/svg-parser@ts3.6" "@types/svgo@ts3.6" "@types/symbol-tree@ts3.6" "@types/tapable@ts3.6" "@types/tar@ts3.6" "@types/text-table@ts3.6" "@types/through@ts3.6" "@types/through2@ts3.6" "@types/thunky@ts3.6" "@types/timsort@ts3.6" "@types/tmp@ts3.6" "@types/tmpl@ts3.6" "@types/to-regex@ts3.6" "@types/to-regex-range@ts3.6" "@types/tough-cookie@ts3.6" "@types/tr46@ts3.6" "@types/tryer@ts3.6" "@types/type-check@ts3.6" "@types/type-detect@ts3.6" "@types/type-is@ts3.6" "@types/typedarray-to-buffer@ts3.6" "@types/uniq@ts3.6" "@types/universalify@ts3.6" "@types/urix@ts3.6" "@types/url-parse@ts3.6" "@types/util-deprecate@ts3.6" "@types/util.promisify@ts3.6" "@types/utils-merge@ts3.6" "@types/uuid@ts3.6" "@types/validate-npm-package-license@ts3.6" "@types/vary@ts3.6" "@types/w3c-hr-time@ts3.6" "@types/w3c-xmlserializer@ts3.6" "@types/watchpack@ts3.6" "@types/wcwidth@ts3.6" "@types/webidl-conversions@ts3.6" "@types/webpack@ts3.6" "@types/webpack-manifest-plugin@ts3.6" "@types/webpack-sources@ts3.6" "@types/whatwg-encoding@ts3.6" "@types/whatwg-mimetype@ts3.6" "@types/whatwg-url@ts3.6" "@types/which@ts3.6" "@types/which-pm-runs@ts3.6" "@types/workbox-build@ts3.6" "@types/workbox-sw@ts3.6" "@types/workbox-webpack-plugin@ts3.6" "@types/wrap-ansi@ts3.6" "@types/write-file-atomic@ts3.6" "@types/ws@ts3.6" "@types/xml-name-validator@ts3.6" "@types/xtend@ts3.6" "@types/yallist@ts3.6" "@types/yargs@ts3.6" "@types/yargs-parser@ts3.6" "--save-dev" "--user-agent=typesInstaller/3.6.3"
455 verbose node v12.18.3
456 verbose npm  v6.14.6
457 error code ETARGET
458 error notarget No matching version found for @types/path-browserify@ts3.6.
459 error notarget In most cases you or one of your dependencies are requesting
459 error notarget a package version that doesn't exist.
460 verbose exit [ 1, true ]
