0 info it worked if it ends with ok
1 verbose cli [
1 verbose cli   '/usr/local/bin/node',
1 verbose cli   '/usr/local/bin/npm',
1 verbose cli   'install',
1 verbose cli   '--ignore-scripts',
1 verbose cli   '@types/craco__craco@ts3.6',
1 verbose cli   '@types/testing-library__jest-dom@ts3.6',
1 verbose cli   '@types/react@ts3.6',
1 verbose cli   '@types/react-dom@ts3.6',
1 verbose cli   '@types/styled-components@ts3.6',
1 verbose cli   '@types/eslint-config-prettier@ts3.6',
1 verbose cli   '@types/eslint-plugin-prettier@ts3.6',
1 verbose cli   '@types/prettier@ts3.6',
1 verbose cli   '--save-dev',
1 verbose cli   '--user-agent=typesInstaller/3.6.3'
1 verbose cli ]
2 info using npm@6.14.6
3 info using node@v12.18.3
4 verbose npm-session 40f124a9cc451035
5 silly install loadCurrentTree
6 silly install readLocalPackageData
7 http fetch GET 304 https://registry.npmjs.org/@types%2fprettier 1000ms (from cache)
8 http fetch GET 304 https://registry.npmjs.org/@types%2fstyled-components 1010ms (from cache)
9 http fetch GET 304 https://registry.npmjs.org/@types%2freact-dom 1030ms (from cache)
10 http fetch GET 304 https://registry.npmjs.org/@types%2feslint-config-prettier 1026ms (from cache)
11 http fetch GET 304 https://registry.npmjs.org/@types%2ftesting-library__jest-dom 1046ms (from cache)
12 http fetch GET 304 https://registry.npmjs.org/@types%2fcraco__craco 1054ms (from cache)
13 silly registry:manifest no matching version for @types/craco__craco@ts3.6 in the cache. Forcing revalidation.
14 silly pacote tag manifest for @types/prettier@ts3.6 fetched in 1049ms
15 silly pacote tag manifest for @types/react-dom@ts3.6 fetched in 1063ms
16 silly pacote tag manifest for @types/styled-components@ts3.6 fetched in 1059ms
17 http fetch GET 304 https://registry.npmjs.org/@types%2freact 1077ms (from cache)
18 silly pacote tag manifest for @types/testing-library__jest-dom@ts3.6 fetched in 1088ms
19 silly pacote tag manifest for @types/react@ts3.6 fetched in 1087ms
20 silly pacote tag manifest for @types/eslint-config-prettier@ts3.6 fetched in 1082ms
21 http fetch GET 304 https://registry.npmjs.org/@types%2feslint-plugin-prettier 2956ms (from cache)
22 silly pacote tag manifest for @types/eslint-plugin-prettier@ts3.6 fetched in 2983ms
23 http fetch GET 200 https://registry.npmjs.org/@types%2fcraco__craco 2451ms
24 silly fetchPackageMetaData error for @types/craco__craco@ts3.6 No matching version found for @types/craco__craco@ts3.6.
25 timing stage:rollbackFailedOptional Completed in 2ms
26 timing stage:runTopLevelLifecycles Completed in 3589ms
27 verbose type tag
28 verbose stack @types/craco__craco: No matching version found for @types/craco__craco@ts3.6.
28 verbose stack     at pickManifest (/usr/local/lib/node_modules/npm/node_modules/npm-pick-manifest/index.js:122:13)
28 verbose stack     at /usr/local/lib/node_modules/npm/node_modules/pacote/lib/fetchers/registry/manifest.js:43:18
28 verbose stack     at tryCatcher (/usr/local/lib/node_modules/npm/node_modules/bluebird/js/release/util.js:16:23)
28 verbose stack     at Promise._settlePromiseFromHandler (/usr/local/lib/node_modules/npm/node_modules/bluebird/js/release/promise.js:517:31)
28 verbose stack     at Promise._settlePromise (/usr/local/lib/node_modules/npm/node_modules/bluebird/js/release/promise.js:574:18)
28 verbose stack     at Promise._settlePromise0 (/usr/local/lib/node_modules/npm/node_modules/bluebird/js/release/promise.js:619:10)
28 verbose stack     at Promise._settlePromises (/usr/local/lib/node_modules/npm/node_modules/bluebird/js/release/promise.js:699:18)
28 verbose stack     at _drainQueueStep (/usr/local/lib/node_modules/npm/node_modules/bluebird/js/release/async.js:138:12)
28 verbose stack     at _drainQueue (/usr/local/lib/node_modules/npm/node_modules/bluebird/js/release/async.js:131:9)
28 verbose stack     at Async._drainQueues (/usr/local/lib/node_modules/npm/node_modules/bluebird/js/release/async.js:147:5)
28 verbose stack     at Immediate.Async.drainQueues [as _onImmediate] (/usr/local/lib/node_modules/npm/node_modules/bluebird/js/release/async.js:17:14)
28 verbose stack     at processImmediate (internal/timers.js:456:21)
29 verbose cwd /home/theia/.cache/typescript/3.6
30 verbose Linux 5.10.16.3-microsoft-standard-WSL2
31 verbose argv "/usr/local/bin/node" "/usr/local/bin/npm" "install" "--ignore-scripts" "@types/craco__craco@ts3.6" "@types/testing-library__jest-dom@ts3.6" "@types/react@ts3.6" "@types/react-dom@ts3.6" "@types/styled-components@ts3.6" "@types/eslint-config-prettier@ts3.6" "@types/eslint-plugin-prettier@ts3.6" "@types/prettier@ts3.6" "--save-dev" "--user-agent=typesInstaller/3.6.3"
32 verbose node v12.18.3
33 verbose npm  v6.14.6
34 error code ETARGET
35 error notarget No matching version found for @types/craco__craco@ts3.6.
36 error notarget In most cases you or one of your dependencies are requesting
36 error notarget a package version that doesn't exist.
37 verbose exit [ 1, true ]
