0 info it worked if it ends with ok
1 verbose cli [
1 verbose cli   '/usr/local/bin/node',
1 verbose cli   '/usr/local/bin/npm',
1 verbose cli   'install',
1 verbose cli   '--ignore-scripts',
1 verbose cli   '@types/testing-library__jest-dom@ts3.6',
1 verbose cli   '@types/js-cookie@ts3.6',
1 verbose cli   '@types/react@ts3.6',
1 verbose cli   '@types/react-dom@ts3.6',
1 verbose cli   '@types/react-router-dom@ts3.6',
1 verbose cli   '@types/react-slick@ts3.6',
1 verbose cli   '@types/slick-carousel@ts3.6',
1 verbose cli   '@types/eslint-config-prettier@ts3.6',
1 verbose cli   '@types/eslint-plugin-prettier@ts3.6',
1 verbose cli   '@types/prettier@ts3.6',
1 verbose cli   '@types/accepts@ts3.6',
1 verbose cli   '@types/argparse@ts3.6',
1 verbose cli   '@types/aria-query@ts3.6',
1 verbose cli   '@types/arr-diff@ts3.6',
1 verbose cli   '@types/arr-union@ts3.6',
1 verbose cli   '@types/array-unique@ts3.6',
1 verbose cli   '@types/array.prototype.flat@ts3.6',
1 verbose cli   '@types/array.prototype.flatmap@ts3.6',
1 verbose cli   '@types/asap@ts3.6',
1 verbose cli   '@types/assert@ts3.6',
1 verbose cli   '@types/async@ts3.6',
1 verbose cli   '@types/atob@ts3.6',
1 verbose cli   '@types/babel-plugin-macros@ts3.6',
1 verbose cli   '@types/babylon@ts3.6',
1 verbose cli   '@types/balanced-match@ts3.6',
1 verbose cli   '@types/big.js@ts3.6',
1 verbose cli   '@types/bl@ts3.6',
1 verbose cli   '@types/bluebird@ts3.6',
1 verbose cli   '@types/bn.js@ts3.6',
1 verbose cli   '@types/body-parser@ts3.6',
1 verbose cli   '@types/bonjour@ts3.6',
1 verbose cli   '@types/boolbase@ts3.6',
1 verbose cli   '@types/brace-expansion@ts3.6',
1 verbose cli   '@types/braces@ts3.6',
1 verbose cli   '@types/brorand@ts3.6',
1 verbose cli   '@types/bser@ts3.6',
1 verbose cli   '@types/buffer-from@ts3.6',
1 verbose cli   '@types/buffer-xor@ts3.6',
1 verbose cli   '@types/bytes@ts3.6',
1 verbose cli   '@types/cacache@ts3.6',
1 verbose cli   '@types/call-bind@ts3.6',
1 verbose cli   '@types/caniuse-api@ts3.6',
1 verbose cli   '@types/caniuse-lite@ts3.6',
1 verbose cli   '@types/case-sensitive-paths-webpack-plugin@ts3.6',
1 verbose cli   '@types/chardet@ts3.6',
1 verbose cli   '@types/check-types@ts3.6',
1 verbose cli   '@types/chownr@ts3.6',
1 verbose cli   '@types/cipher-base@ts3.6',
1 verbose cli   '@types/clean-css@ts3.6',
1 verbose cli   '@types/cli-spinners@ts3.6',
1 verbose cli   '@types/clone@ts3.6',
1 verbose cli   '@types/co@ts3.6',
1 verbose cli   '@types/color@ts3.6',
1 verbose cli   '@types/color-convert@ts3.6',
1 verbose cli   '@types/color-name@ts3.6',
1 verbose cli   '@types/color-string@ts3.6',
1 verbose cli   '@types/combined-stream@ts3.6',
1 verbose cli   '@types/common-tags@ts3.6',
1 verbose cli   '@types/commondir@ts3.6',
1 verbose cli   '@types/component-emitter@ts3.6',
1 verbose cli   '@types/compose-function@ts3.6',
1 verbose cli   '@types/compressible@ts3.6',
1 verbose cli   '@types/compression@ts3.6',
1 verbose cli   '@types/concat-map@ts3.6',
1 verbose cli   '@types/concat-stream@ts3.6',
1 verbose cli   '@types/confusing-browser-globals@ts3.6',
1 verbose cli   '@types/connect-history-api-fallback@ts3.6',
1 verbose cli   '@types/content-disposition@ts3.6',
1 verbose cli   '@types/content-type@ts3.6',
1 verbose cli   '@types/convert-source-map@ts3.6',
1 verbose cli   '@types/cookie@ts3.6',
1 verbose cli   '@types/cookie-signature@ts3.6',
1 verbose cli   '@types/core-js@ts3.6',
1 verbose cli   '@types/create-hash@ts3.6',
1 verbose cli   '@types/create-hmac@ts3.6',
1 verbose cli   '@types/cross-spawn@ts3.6',
1 verbose cli   '@types/css@ts3.6',
1 verbose cli   '@types/css-declaration-sorter@ts3.6',
1 verbose cli   '@types/css-tree@ts3.6',
1 verbose cli   '@types/css.escape@ts3.6',
1 verbose cli   '@types/cssesc@ts3.6',
1 verbose cli   '@types/csso@ts3.6',
1 verbose cli   '@types/cssom@ts3.6',
1 verbose cli   '@types/cssstyle@ts3.6',
1 verbose cli   '@types/d@ts3.6',
1 verbose cli   '@types/damerau-levenshtein@ts3.6',
1 verbose cli   '@types/data-urls@ts3.6',
1 verbose cli   '@types/debug@ts3.6',
1 verbose cli   '@types/decode-uri-component@ts3.6',
1 verbose cli   '@types/dedent@ts3.6',
1 verbose cli   '@types/deep-equal@ts3.6',
1 verbose cli   '@types/default-gateway@ts3.6',
1 verbose cli   '@types/defaults@ts3.6',
1 verbose cli   '@types/define-properties@ts3.6',
1 verbose cli   '@types/depd@ts3.6',
1 verbose cli   '@types/destroy@ts3.6',
1 verbose cli   ... 113 more items
1 verbose cli ]
2 info using npm@6.14.6
3 info using node@v12.18.3
4 verbose npm-session 09457a42c33c3397
5 silly install loadCurrentTree
6 silly install readLocalPackageData
7 http fetch GET 200 https://registry.npmjs.org/@types%2fslick-carousel 543ms
8 http fetch GET 200 https://registry.npmjs.org/@types%2freact-slick 562ms
9 http fetch GET 304 https://registry.npmjs.org/@types%2ftesting-library__jest-dom 598ms (from cache)
10 http fetch GET 304 https://registry.npmjs.org/@types%2freact-dom 594ms (from cache)
11 http fetch GET 304 https://registry.npmjs.org/@types%2fprettier 571ms (from cache)
12 silly pacote tag manifest for @types/testing-library__jest-dom@ts3.6 fetched in 630ms
13 http fetch GET 304 https://registry.npmjs.org/@types%2feslint-plugin-prettier 588ms (from cache)
14 http fetch GET 304 https://registry.npmjs.org/@types%2feslint-config-prettier 601ms (from cache)
15 silly pacote tag manifest for @types/react-dom@ts3.6 fetched in 616ms
16 silly pacote tag manifest for @types/prettier@ts3.6 fetched in 589ms
17 http fetch GET 304 https://registry.npmjs.org/@types%2freact 627ms (from cache)
18 silly pacote tag manifest for @types/eslint-plugin-prettier@ts3.6 fetched in 613ms
19 silly pacote tag manifest for @types/eslint-config-prettier@ts3.6 fetched in 627ms
20 silly pacote tag manifest for @types/react@ts3.6 fetched in 661ms
21 http fetch GET 304 https://registry.npmjs.org/@types%2fjs-cookie 664ms (from cache)
22 silly pacote tag manifest for @types/js-cookie@ts3.6 fetched in 705ms
23 http fetch GET 200 https://registry.npmjs.org/@types/slick-carousel/-/slick-carousel-1.6.37.tgz 173ms
24 http fetch GET 304 https://registry.npmjs.org/@types%2fargparse 141ms (from cache)
25 http fetch GET 304 https://registry.npmjs.org/@types%2faccepts 151ms (from cache)
26 silly pacote tag manifest for @types/slick-carousel@ts3.6 fetched in 756ms
27 silly pacote tag manifest for @types/argparse@ts3.6 fetched in 150ms
28 silly pacote tag manifest for @types/accepts@ts3.6 fetched in 160ms
29 http fetch GET 304 https://registry.npmjs.org/@types%2farr-union 165ms (from cache)
30 silly pacote tag manifest for @types/arr-union@ts3.6 fetched in 182ms
31 http fetch GET 304 https://registry.npmjs.org/@types%2farray.prototype.flat 171ms (from cache)
32 http fetch GET 304 https://registry.npmjs.org/@types%2faria-query 257ms (from cache)
33 http fetch GET 304 https://registry.npmjs.org/@types%2farray-unique 219ms (from cache)
34 http fetch GET 304 https://registry.npmjs.org/@types%2farr-diff 240ms (from cache)
35 silly pacote tag manifest for @types/array.prototype.flat@ts3.6 fetched in 183ms
36 silly pacote tag manifest for @types/aria-query@ts3.6 fetched in 269ms
37 silly pacote tag manifest for @types/array-unique@ts3.6 fetched in 232ms
38 silly pacote tag manifest for @types/arr-diff@ts3.6 fetched in 252ms
39 http fetch GET 304 https://registry.npmjs.org/@types%2farray.prototype.flatmap 143ms (from cache)
40 silly pacote tag manifest for @types/array.prototype.flatmap@ts3.6 fetched in 154ms
41 http fetch GET 304 https://registry.npmjs.org/@types%2fassert 162ms (from cache)
42 silly pacote tag manifest for @types/assert@ts3.6 fetched in 166ms
43 http fetch GET 304 https://registry.npmjs.org/@types%2fasync 146ms (from cache)
44 silly pacote tag manifest for @types/async@ts3.6 fetched in 151ms
45 http fetch GET 304 https://registry.npmjs.org/@types%2fatob 105ms (from cache)
46 silly pacote tag manifest for @types/atob@ts3.6 fetched in 109ms
47 http fetch GET 304 https://registry.npmjs.org/@types%2fbabel-plugin-macros 109ms (from cache)
48 silly pacote tag manifest for @types/babel-plugin-macros@ts3.6 fetched in 113ms
49 http fetch GET 304 https://registry.npmjs.org/@types%2fbalanced-match 136ms (from cache)
50 silly pacote tag manifest for @types/balanced-match@ts3.6 fetched in 139ms
51 http fetch GET 304 https://registry.npmjs.org/@types%2fbluebird 128ms (from cache)
52 http fetch GET 304 https://registry.npmjs.org/@types%2fbabylon 219ms (from cache)
53 http fetch GET 304 https://registry.npmjs.org/@types%2fbig.js 196ms (from cache)
54 silly pacote tag manifest for @types/bluebird@ts3.6 fetched in 145ms
55 silly pacote tag manifest for @types/babylon@ts3.6 fetched in 236ms
56 silly pacote tag manifest for @types/big.js@ts3.6 fetched in 211ms
57 http fetch GET 304 https://registry.npmjs.org/@types%2fbody-parser 141ms (from cache)
58 http fetch GET 304 https://registry.npmjs.org/@types%2fbn.js 166ms (from cache)
59 silly pacote tag manifest for @types/body-parser@ts3.6 fetched in 163ms
60 silly pacote tag manifest for @types/bn.js@ts3.6 fetched in 177ms
61 http fetch GET 304 https://registry.npmjs.org/@types%2fbonjour 148ms (from cache)
62 silly pacote tag manifest for @types/bonjour@ts3.6 fetched in 150ms
63 http fetch GET 304 https://registry.npmjs.org/@types%2fbrace-expansion 96ms (from cache)
64 silly pacote tag manifest for @types/brace-expansion@ts3.6 fetched in 99ms
65 http fetch GET 304 https://registry.npmjs.org/@types%2fboolbase 116ms (from cache)
66 silly pacote tag manifest for @types/boolbase@ts3.6 fetched in 133ms
67 http fetch GET 304 https://registry.npmjs.org/@types%2fbser 114ms (from cache)
68 http fetch GET 304 https://registry.npmjs.org/@types%2fbrorand 119ms (from cache)
69 silly pacote tag manifest for @types/bser@ts3.6 fetched in 119ms
70 http fetch GET 304 https://registry.npmjs.org/@types%2fbraces 158ms (from cache)
71 silly pacote tag manifest for @types/brorand@ts3.6 fetched in 127ms
72 silly pacote tag manifest for @types/braces@ts3.6 fetched in 167ms
73 http fetch GET 304 https://registry.npmjs.org/@types%2fbytes 75ms (from cache)
74 silly pacote tag manifest for @types/bytes@ts3.6 fetched in 79ms
75 http fetch GET 304 https://registry.npmjs.org/@types%2fcacache 97ms (from cache)
76 silly pacote tag manifest for @types/cacache@ts3.6 fetched in 103ms
77 http fetch GET 304 https://registry.npmjs.org/@types%2fcaniuse-api 106ms (from cache)
78 http fetch GET 304 https://registry.npmjs.org/@types%2fcall-bind 116ms (from cache)
79 silly registry:manifest no matching version for @types/call-bind@ts3.6 in the cache. Forcing revalidation.
80 silly pacote tag manifest for @types/caniuse-api@ts3.6 fetched in 117ms
81 http fetch GET 304 https://registry.npmjs.org/@types%2fbuffer-xor 195ms (from cache)
82 silly pacote tag manifest for @types/buffer-xor@ts3.6 fetched in 205ms
83 http fetch GET 304 https://registry.npmjs.org/@types%2fcaniuse-lite 106ms (from cache)
84 silly pacote tag manifest for @types/caniuse-lite@ts3.6 fetched in 110ms
85 http fetch GET 304 https://registry.npmjs.org/@types%2fcase-sensitive-paths-webpack-plugin 73ms (from cache)
86 silly pacote tag manifest for @types/case-sensitive-paths-webpack-plugin@ts3.6 fetched in 76ms
87 http fetch GET 304 https://registry.npmjs.org/@types%2fcheck-types 90ms (from cache)
88 silly pacote tag manifest for @types/check-types@ts3.6 fetched in 105ms
89 http fetch GET 304 https://registry.npmjs.org/@types%2fchardet 126ms (from cache)
90 silly pacote tag manifest for @types/chardet@ts3.6 fetched in 149ms
91 http fetch GET 304 https://registry.npmjs.org/@types%2fchownr 136ms (from cache)
92 silly pacote tag manifest for @types/chownr@ts3.6 fetched in 141ms
93 http fetch GET 304 https://registry.npmjs.org/@types%2freact-router-dom 1591ms (from cache)
94 http fetch GET 200 https://registry.npmjs.org/@types%2fcall-bind 187ms
95 silly fetchPackageMetaData error for @types/call-bind@ts3.6 No matching version found for @types/call-bind@ts3.6.
96 silly pacote tag manifest for @types/react-router-dom@ts3.6 fetched in 1605ms
97 http fetch GET 304 https://registry.npmjs.org/@types%2fcipher-base 136ms (from cache)
98 silly pacote tag manifest for @types/cipher-base@ts3.6 fetched in 141ms
99 http fetch GET 304 https://registry.npmjs.org/@types%2fclean-css 101ms (from cache)
100 silly pacote tag manifest for @types/clean-css@ts3.6 fetched in 105ms
101 http fetch GET 304 https://registry.npmjs.org/@types%2fco 97ms (from cache)
102 silly pacote tag manifest for @types/co@ts3.6 fetched in 101ms
103 http fetch GET 304 https://registry.npmjs.org/@types%2fcolor-convert 96ms (from cache)
104 silly pacote tag manifest for @types/color-convert@ts3.6 fetched in 100ms
105 http fetch GET 304 https://registry.npmjs.org/@types%2fcolor 150ms (from cache)
106 http fetch GET 304 https://registry.npmjs.org/@types%2fcli-spinners 196ms (from cache)
107 silly pacote tag manifest for @types/color@ts3.6 fetched in 162ms
108 silly pacote tag manifest for @types/cli-spinners@ts3.6 fetched in 203ms
109 http fetch GET 304 https://registry.npmjs.org/@types%2fcolor-name 167ms (from cache)
110 silly pacote tag manifest for @types/color-name@ts3.6 fetched in 172ms
111 http fetch GET 200 https://registry.npmjs.org/@types/react-slick/-/react-slick-0.23.5.tgz 1242ms
112 http fetch GET 304 https://registry.npmjs.org/@types%2fcolor-string 129ms (from cache)
113 http fetch GET 304 https://registry.npmjs.org/@types%2fcombined-stream 117ms (from cache)
114 silly pacote tag manifest for @types/color-string@ts3.6 fetched in 134ms
115 silly pacote tag manifest for @types/combined-stream@ts3.6 fetched in 125ms
116 silly pacote tag manifest for @types/react-slick@ts3.6 fetched in 1845ms
117 http fetch GET 304 https://registry.npmjs.org/@types%2fcommon-tags 105ms (from cache)
118 silly pacote tag manifest for @types/common-tags@ts3.6 fetched in 107ms
119 http fetch GET 304 https://registry.npmjs.org/@types%2fcommondir 131ms (from cache)
120 http fetch GET 304 https://registry.npmjs.org/@types%2fcomponent-emitter 89ms (from cache)
121 silly pacote tag manifest for @types/commondir@ts3.6 fetched in 136ms
122 silly pacote tag manifest for @types/component-emitter@ts3.6 fetched in 96ms
123 http fetch GET 304 https://registry.npmjs.org/@types%2fcompose-function 125ms (from cache)
124 http fetch GET 304 https://registry.npmjs.org/@types%2fcompression 116ms (from cache)
125 silly pacote tag manifest for @types/compose-function@ts3.6 fetched in 131ms
126 silly pacote tag manifest for @types/compression@ts3.6 fetched in 124ms
127 http fetch GET 304 https://registry.npmjs.org/@types%2fcompressible 140ms (from cache)
128 silly pacote tag manifest for @types/compressible@ts3.6 fetched in 154ms
129 http fetch GET 304 https://registry.npmjs.org/@types%2fconcat-map 124ms (from cache)
130 silly pacote tag manifest for @types/concat-map@ts3.6 fetched in 130ms
131 http fetch GET 304 https://registry.npmjs.org/@types%2fasap 1261ms (from cache)
132 silly pacote tag manifest for @types/asap@ts3.6 fetched in 1265ms
133 http fetch GET 304 https://registry.npmjs.org/@types%2fconfusing-browser-globals 121ms (from cache)
134 silly pacote tag manifest for @types/confusing-browser-globals@ts3.6 fetched in 126ms
135 http fetch GET 304 https://registry.npmjs.org/@types%2fconnect-history-api-fallback 97ms (from cache)
136 silly pacote tag manifest for @types/connect-history-api-fallback@ts3.6 fetched in 102ms
137 http fetch GET 304 https://registry.npmjs.org/@types%2fcontent-disposition 102ms (from cache)
138 silly pacote tag manifest for @types/content-disposition@ts3.6 fetched in 109ms
139 http fetch GET 304 https://registry.npmjs.org/@types%2fcontent-type 111ms (from cache)
140 silly pacote tag manifest for @types/content-type@ts3.6 fetched in 118ms
141 http fetch GET 304 https://registry.npmjs.org/@types%2fconvert-source-map 109ms (from cache)
142 silly pacote tag manifest for @types/convert-source-map@ts3.6 fetched in 116ms
143 http fetch GET 304 https://registry.npmjs.org/@types%2fcookie-signature 112ms (from cache)
144 silly pacote tag manifest for @types/cookie-signature@ts3.6 fetched in 118ms
145 http fetch GET 304 https://registry.npmjs.org/@types%2fcore-js 103ms (from cache)
146 silly pacote tag manifest for @types/core-js@ts3.6 fetched in 111ms
147 http fetch GET 304 https://registry.npmjs.org/@types%2fcookie 164ms (from cache)
148 silly pacote tag manifest for @types/cookie@ts3.6 fetched in 174ms
149 http fetch GET 304 https://registry.npmjs.org/@types%2fcreate-hash 120ms (from cache)
150 silly pacote tag manifest for @types/create-hash@ts3.6 fetched in 128ms
151 http fetch GET 304 https://registry.npmjs.org/@types%2fcreate-hmac 112ms (from cache)
152 silly pacote tag manifest for @types/create-hmac@ts3.6 fetched in 115ms
153 http fetch GET 304 https://registry.npmjs.org/@types%2fcross-spawn 110ms (from cache)
154 silly pacote tag manifest for @types/cross-spawn@ts3.6 fetched in 121ms
155 http fetch GET 304 https://registry.npmjs.org/@types%2fcss 113ms (from cache)
156 http fetch GET 304 https://registry.npmjs.org/@types%2fcss-declaration-sorter 95ms (from cache)
157 silly pacote tag manifest for @types/css@ts3.6 fetched in 125ms
158 silly pacote tag manifest for @types/css-declaration-sorter@ts3.6 fetched in 102ms
159 http fetch GET 304 https://registry.npmjs.org/@types%2fcss-tree 100ms (from cache)
160 silly pacote tag manifest for @types/css-tree@ts3.6 fetched in 103ms
161 http fetch GET 304 https://registry.npmjs.org/@types%2fcss.escape 100ms (from cache)
162 silly registry:manifest no matching version for @types/css.escape@ts3.6 in the cache. Forcing revalidation.
163 http fetch GET 304 https://registry.npmjs.org/@types%2fcssesc 102ms (from cache)
164 silly pacote tag manifest for @types/cssesc@ts3.6 fetched in 105ms
165 http fetch GET 304 https://registry.npmjs.org/@types%2fcssom 85ms (from cache)
166 silly pacote tag manifest for @types/cssom@ts3.6 fetched in 88ms
167 http fetch GET 304 https://registry.npmjs.org/@types%2fbuffer-from 1212ms (from cache)
168 silly pacote tag manifest for @types/buffer-from@ts3.6 fetched in 1222ms
169 http fetch GET 304 https://registry.npmjs.org/@types%2fd 123ms (from cache)
170 http fetch GET 304 https://registry.npmjs.org/@types%2fcsso 185ms (from cache)
171 http fetch GET 200 https://registry.npmjs.org/@types%2fcss.escape 116ms
172 silly fetchPackageMetaData error for @types/css.escape@ts3.6 No matching version found for @types/css.escape@ts3.6.
173 silly pacote tag manifest for @types/d@ts3.6 fetched in 135ms
174 silly pacote tag manifest for @types/csso@ts3.6 fetched in 199ms
175 http fetch GET 304 https://registry.npmjs.org/@types%2fcssstyle 183ms (from cache)
176 http fetch GET 304 https://registry.npmjs.org/@types%2fdamerau-levenshtein 143ms (from cache)
177 silly pacote tag manifest for @types/cssstyle@ts3.6 fetched in 194ms
178 silly pacote tag manifest for @types/damerau-levenshtein@ts3.6 fetched in 151ms
179 http fetch GET 304 https://registry.npmjs.org/@types%2fdata-urls 135ms (from cache)
180 silly pacote tag manifest for @types/data-urls@ts3.6 fetched in 138ms
181 http fetch GET 304 https://registry.npmjs.org/@types%2fdebug 106ms (from cache)
182 silly pacote tag manifest for @types/debug@ts3.6 fetched in 119ms
183 http fetch GET 304 https://registry.npmjs.org/@types%2fdecode-uri-component 118ms (from cache)
184 silly pacote tag manifest for @types/decode-uri-component@ts3.6 fetched in 124ms
185 http fetch GET 304 https://registry.npmjs.org/@types%2fdedent 121ms (from cache)
186 silly pacote tag manifest for @types/dedent@ts3.6 fetched in 129ms
187 http fetch GET 304 https://registry.npmjs.org/@types%2fdeep-equal 143ms (from cache)
188 http fetch GET 304 https://registry.npmjs.org/@types%2fdefault-gateway 110ms (from cache)
189 silly pacote tag manifest for @types/deep-equal@ts3.6 fetched in 149ms
190 silly pacote tag manifest for @types/default-gateway@ts3.6 fetched in 116ms
191 http fetch GET 304 https://registry.npmjs.org/@types%2fdefine-properties 109ms (from cache)
192 silly pacote tag manifest for @types/define-properties@ts3.6 fetched in 112ms
193 http fetch GET 304 https://registry.npmjs.org/@types%2fdepd 110ms (from cache)
194 silly pacote tag manifest for @types/depd@ts3.6 fetched in 120ms
195 http fetch GET 304 https://registry.npmjs.org/@types%2fdestroy 104ms (from cache)
196 silly pacote tag manifest for @types/destroy@ts3.6 fetched in 111ms
197 http fetch GET 304 https://registry.npmjs.org/@types%2fdetect-node 105ms (from cache)
198 silly pacote tag manifest for @types/detect-node@ts3.6 fetched in 112ms
199 http fetch GET 304 https://registry.npmjs.org/@types%2fdir-glob 104ms (from cache)
200 silly pacote tag manifest for @types/dir-glob@ts3.6 fetched in 106ms
201 http fetch GET 304 https://registry.npmjs.org/@types%2fdns-packet 87ms (from cache)
202 silly pacote tag manifest for @types/dns-packet@ts3.6 fetched in 90ms
203 http fetch GET 304 https://registry.npmjs.org/@types%2fdoctrine 89ms (from cache)
204 silly pacote tag manifest for @types/doctrine@ts3.6 fetched in 94ms
205 http fetch GET 304 https://registry.npmjs.org/@types%2fdiffie-hellman 155ms (from cache)
206 silly pacote tag manifest for @types/diffie-hellman@ts3.6 fetched in 159ms
207 http fetch GET 304 https://registry.npmjs.org/@types%2fdomutils 88ms (from cache)
208 silly pacote tag manifest for @types/domutils@ts3.6 fetched in 95ms
209 http fetch GET 304 https://registry.npmjs.org/@types%2fdomexception 139ms (from cache)
210 silly pacote tag manifest for @types/domexception@ts3.6 fetched in 143ms
211 http fetch GET 304 https://registry.npmjs.org/@types%2fee-first 101ms (from cache)
212 silly pacote tag manifest for @types/ee-first@ts3.6 fetched in 110ms
213 http fetch GET 304 https://registry.npmjs.org/@types%2fduplexify 138ms (from cache)
214 http fetch GET 304 https://registry.npmjs.org/@types%2fejs 100ms (from cache)
215 silly pacote tag manifest for @types/duplexify@ts3.6 fetched in 147ms
216 silly pacote tag manifest for @types/ejs@ts3.6 fetched in 109ms
217 http fetch GET 304 https://registry.npmjs.org/@types%2felliptic 112ms (from cache)
218 silly pacote tag manifest for @types/elliptic@ts3.6 fetched in 115ms
219 http fetch GET 304 https://registry.npmjs.org/@types%2fencodeurl 95ms (from cache)
220 silly pacote tag manifest for @types/encodeurl@ts3.6 fetched in 101ms
221 http fetch GET 304 https://registry.npmjs.org/@types%2fend-of-stream 91ms (from cache)
222 silly pacote tag manifest for @types/end-of-stream@ts3.6 fetched in 94ms
223 http fetch GET 304 https://registry.npmjs.org/@types%2fenhanced-resolve 90ms (from cache)
224 silly pacote tag manifest for @types/enhanced-resolve@ts3.6 fetched in 99ms
225 http fetch GET 304 https://registry.npmjs.org/@types%2fes-abstract 89ms (from cache)
226 silly pacote tag manifest for @types/es-abstract@ts3.6 fetched in 96ms
227 http fetch GET 304 https://registry.npmjs.org/@types%2fescape-html 80ms (from cache)
228 silly pacote tag manifest for @types/escape-html@ts3.6 fetched in 83ms
229 http fetch GET 304 https://registry.npmjs.org/@types%2fes-to-primitive 143ms (from cache)
230 http fetch GET 200 https://registry.npmjs.org/@types%2fenquire.js 167ms
231 silly pacote tag manifest for @types/es-to-primitive@ts3.6 fetched in 148ms
232 http fetch GET 304 https://registry.npmjs.org/@types%2fescodegen 112ms (from cache)
233 http fetch GET 304 https://registry.npmjs.org/@types%2feslint 107ms (from cache)
234 silly pacote tag manifest for @types/escodegen@ts3.6 fetched in 126ms
235 silly pacote tag manifest for @types/eslint@ts3.6 fetched in 120ms
236 http fetch GET 304 https://registry.npmjs.org/@types%2feslint-scope 127ms (from cache)
237 http fetch GET 304 https://registry.npmjs.org/@types%2feslint-utils 115ms (from cache)
238 silly pacote tag manifest for @types/eslint-scope@ts3.6 fetched in 133ms
239 silly pacote tag manifest for @types/eslint-utils@ts3.6 fetched in 120ms
240 http fetch GET 304 https://registry.npmjs.org/@types%2feslint-visitor-keys 93ms (from cache)
241 silly pacote tag manifest for @types/eslint-visitor-keys@ts3.6 fetched in 95ms
242 http fetch GET 304 https://registry.npmjs.org/@types%2fesprima 108ms (from cache)
243 http fetch GET 304 https://registry.npmjs.org/@types%2fesquery 110ms (from cache)
244 silly pacote tag manifest for @types/esprima@ts3.6 fetched in 130ms
245 silly pacote tag manifest for @types/esquery@ts3.6 fetched in 128ms
246 http fetch GET 200 https://registry.npmjs.org/@types/enquire.js/-/enquire.js-2.1.3.tgz 162ms
247 http fetch GET 304 https://registry.npmjs.org/@types%2festraverse 128ms (from cache)
248 http fetch GET 304 https://registry.npmjs.org/@types%2fesutils 126ms (from cache)
249 http fetch GET 304 https://registry.npmjs.org/@types%2fetag 100ms (from cache)
250 silly pacote tag manifest for @types/estraverse@ts3.6 fetched in 134ms
251 silly pacote tag manifest for @types/esutils@ts3.6 fetched in 132ms
252 silly pacote tag manifest for @types/enquire.js@ts3.6 fetched in 372ms
253 silly pacote tag manifest for @types/etag@ts3.6 fetched in 109ms
254 http fetch GET 304 https://registry.npmjs.org/@types%2fbl 2333ms (from cache)
255 http fetch GET 304 https://registry.npmjs.org/@types%2feventsource 89ms (from cache)
256 silly pacote tag manifest for @types/eventsource@ts3.6 fetched in 92ms
257 http fetch GET 304 https://registry.npmjs.org/@types%2fevents 112ms (from cache)
258 silly pacote tag manifest for @types/events@ts3.6 fetched in 116ms
259 silly pacote tag manifest for @types/bl@ts3.6 fetched in 2380ms
260 http fetch GET 304 https://registry.npmjs.org/@types%2fexit 114ms (from cache)
261 http fetch GET 304 https://registry.npmjs.org/@types%2fexpress 113ms (from cache)
262 http fetch GET 304 https://registry.npmjs.org/@types%2ffast-levenshtein 114ms (from cache)
263 http fetch GET 304 https://registry.npmjs.org/@types%2ffb-watchman 120ms (from cache)
264 silly pacote tag manifest for @types/express@ts3.6 fetched in 129ms
265 silly pacote tag manifest for @types/exit@ts3.6 fetched in 134ms
266 silly pacote tag manifest for @types/fast-levenshtein@ts3.6 fetched in 129ms
267 silly pacote tag manifest for @types/fb-watchman@ts3.6 fetched in 134ms
268 http fetch GET 304 https://registry.npmjs.org/@types%2ffile-entry-cache 113ms (from cache)
269 silly pacote tag manifest for @types/file-entry-cache@ts3.6 fetched in 115ms
270 http fetch GET 304 https://registry.npmjs.org/@types%2ffile-loader 101ms (from cache)
271 silly pacote tag manifest for @types/file-loader@ts3.6 fetched in 111ms
272 http fetch GET 304 https://registry.npmjs.org/@types%2ffinalhandler 121ms (from cache)
273 http fetch GET 304 https://registry.npmjs.org/@types%2ffind-cache-dir 117ms (from cache)
274 http fetch GET 304 https://registry.npmjs.org/@types%2ffill-range 164ms (from cache)
275 silly registry:manifest no matching version for @types/fill-range@ts3.6 in the cache. Forcing revalidation.
276 silly pacote tag manifest for @types/finalhandler@ts3.6 fetched in 132ms
277 silly pacote tag manifest for @types/find-cache-dir@ts3.6 fetched in 138ms
278 http fetch GET 304 https://registry.npmjs.org/@types%2fflat-cache 143ms (from cache)
279 http fetch GET 304 https://registry.npmjs.org/@types%2fflush-write-stream 142ms (from cache)
280 http fetch GET 304 https://registry.npmjs.org/@types%2ffollow-redirects 120ms (from cache)
281 silly pacote tag manifest for @types/flat-cache@ts3.6 fetched in 158ms
282 silly pacote tag manifest for @types/flush-write-stream@ts3.6 fetched in 153ms
283 silly pacote tag manifest for @types/follow-redirects@ts3.6 fetched in 130ms
284 http fetch GET 304 https://registry.npmjs.org/@types%2fforwarded 136ms (from cache)
285 silly pacote tag manifest for @types/forwarded@ts3.6 fetched in 139ms
286 http fetch GET 200 https://registry.npmjs.org/@types%2ffill-range 90ms
287 silly fetchPackageMetaData error for @types/fill-range@ts3.6 No matching version found for @types/fill-range@ts3.6.
288 http fetch GET 304 https://registry.npmjs.org/@types%2ffrom2 110ms (from cache)
289 http fetch GET 304 https://registry.npmjs.org/@types%2ffresh 122ms (from cache)
290 silly pacote tag manifest for @types/from2@ts3.6 fetched in 121ms
291 silly pacote tag manifest for @types/fresh@ts3.6 fetched in 134ms
292 http fetch GET 304 https://registry.npmjs.org/@types%2ffs-extra 120ms (from cache)
293 http fetch GET 304 https://registry.npmjs.org/@types%2ffunctional-red-black-tree 121ms (from cache)
294 silly pacote tag manifest for @types/fs-extra@ts3.6 fetched in 131ms
295 http fetch GET 304 https://registry.npmjs.org/@types%2ffunction-bind 130ms (from cache)
296 silly pacote tag manifest for @types/functional-red-black-tree@ts3.6 fetched in 131ms
297 silly pacote tag manifest for @types/function-bind@ts3.6 fetched in 137ms
298 http fetch GET 304 https://registry.npmjs.org/@types%2fgensync 127ms (from cache)
299 silly registry:manifest no matching version for @types/gensync@ts3.6 in the cache. Forcing revalidation.
300 http fetch GET 304 https://registry.npmjs.org/@types%2fget-intrinsic 98ms (from cache)
301 silly registry:manifest no matching version for @types/get-intrinsic@ts3.6 in the cache. Forcing revalidation.
302 http fetch GET 304 https://registry.npmjs.org/@types%2fget-value 79ms (from cache)
303 silly pacote tag manifest for @types/get-value@ts3.6 fetched in 81ms
304 http fetch GET 304 https://registry.npmjs.org/@types%2fglobal-modules 83ms (from cache)
305 http fetch GET 304 https://registry.npmjs.org/@types%2fglob-parent 90ms (from cache)
306 silly pacote tag manifest for @types/global-modules@ts3.6 fetched in 99ms
307 http fetch GET 304 https://registry.npmjs.org/@types%2fglobal-prefix 118ms (from cache)
308 silly pacote tag manifest for @types/glob-parent@ts3.6 fetched in 127ms
309 silly pacote tag manifest for @types/global-prefix@ts3.6 fetched in 134ms
310 http fetch GET 200 https://registry.npmjs.org/@types%2fgensync 146ms
311 silly fetchPackageMetaData error for @types/gensync@ts3.6 No matching version found for @types/gensync@ts3.6.
312 http fetch GET 200 https://registry.npmjs.org/@types%2fget-intrinsic 138ms
313 silly fetchPackageMetaData error for @types/get-intrinsic@ts3.6 No matching version found for @types/get-intrinsic@ts3.6.
314 http fetch GET 304 https://registry.npmjs.org/@types%2fglob 218ms (from cache)
315 http fetch GET 304 https://registry.npmjs.org/@types%2fgraceful-fs 144ms (from cache)
316 silly pacote tag manifest for @types/glob@ts3.6 fetched in 226ms
317 silly pacote tag manifest for @types/graceful-fs@ts3.6 fetched in 150ms
318 http fetch GET 304 https://registry.npmjs.org/@types%2fhas-symbols 103ms (from cache)
319 silly pacote tag manifest for @types/has-symbols@ts3.6 fetched in 107ms
320 http fetch GET 304 https://registry.npmjs.org/@types%2fhe 105ms (from cache)
321 silly pacote tag manifest for @types/he@ts3.6 fetched in 110ms
322 http fetch GET 304 https://registry.npmjs.org/@types%2fhoist-non-react-statics 127ms (from cache)
323 http fetch GET 304 https://registry.npmjs.org/@types%2fhex-color-regex 138ms (from cache)
324 silly pacote tag manifest for @types/hoist-non-react-statics@ts3.6 fetched in 135ms
325 silly pacote tag manifest for @types/hex-color-regex@ts3.6 fetched in 147ms
326 http fetch GET 304 https://registry.npmjs.org/@types%2fhosted-git-info 130ms (from cache)
327 http fetch GET 304 https://registry.npmjs.org/@types%2fclone 2391ms (from cache)
328 http fetch GET 304 https://registry.npmjs.org/@types%2fhas 231ms (from cache)
329 silly pacote tag manifest for @types/hosted-git-info@ts3.6 fetched in 140ms
330 silly pacote tag manifest for @types/clone@ts3.6 fetched in 2404ms
331 http fetch GET 304 https://registry.npmjs.org/@types%2fhtml-encoding-sniffer 152ms (from cache)
332 silly pacote tag manifest for @types/has@ts3.6 fetched in 261ms
333 silly pacote tag manifest for @types/html-encoding-sniffer@ts3.6 fetched in 174ms
334 http fetch GET 304 https://registry.npmjs.org/@types%2fhtml-minifier-terser 160ms (from cache)
335 silly pacote tag manifest for @types/html-minifier-terser@ts3.6 fetched in 167ms
336 http fetch GET 304 https://registry.npmjs.org/@types%2fhttp-errors 119ms (from cache)
337 http fetch GET 304 https://registry.npmjs.org/@types%2fhttp-proxy 113ms (from cache)
338 http fetch GET 304 https://registry.npmjs.org/@types%2fhtml-escaper 211ms (from cache)
339 silly pacote tag manifest for @types/http-errors@ts3.6 fetched in 135ms
340 silly pacote tag manifest for @types/http-proxy@ts3.6 fetched in 132ms
341 silly pacote tag manifest for @types/html-escaper@ts3.6 fetched in 230ms
342 http fetch GET 304 https://registry.npmjs.org/@types%2ficss-utils 165ms (from cache)
343 http fetch GET 304 https://registry.npmjs.org/@types%2fiferr 156ms (from cache)
344 silly pacote tag manifest for @types/icss-utils@ts3.6 fetched in 170ms
345 silly pacote tag manifest for @types/iferr@ts3.6 fetched in 162ms
346 http fetch GET 304 https://registry.npmjs.org/@types%2fimurmurhash 148ms (from cache)
347 http fetch GET 304 https://registry.npmjs.org/@types%2finherits 145ms (from cache)
348 silly pacote tag manifest for @types/imurmurhash@ts3.6 fetched in 159ms
349 silly pacote tag manifest for @types/inherits@ts3.6 fetched in 156ms
350 http fetch GET 304 https://registry.npmjs.org/@types%2finternal-slot 100ms (from cache)
351 silly pacote tag manifest for @types/internal-slot@ts3.6 fetched in 103ms
352 http fetch GET 304 https://registry.npmjs.org/@types%2fip 97ms (from cache)
353 silly pacote tag manifest for @types/ip@ts3.6 fetched in 101ms
354 http fetch GET 304 https://registry.npmjs.org/@types%2fis-arguments 142ms (from cache)
355 http fetch GET 304 https://registry.npmjs.org/@types%2fis-bigint 146ms (from cache)
356 silly pacote tag manifest for @types/is-arguments@ts3.6 fetched in 150ms
357 silly registry:manifest no matching version for @types/is-bigint@ts3.6 in the cache. Forcing revalidation.
358 http fetch GET 304 https://registry.npmjs.org/@types%2fini 245ms (from cache)
359 http fetch GET 304 https://registry.npmjs.org/@types%2fconcat-stream 2408ms (from cache)
360 silly pacote tag manifest for @types/ini@ts3.6 fetched in 262ms
361 silly pacote tag manifest for @types/concat-stream@ts3.6 fetched in 2426ms
362 http fetch GET 304 https://registry.npmjs.org/@types%2fis-buffer 156ms (from cache)
363 http fetch GET 304 https://registry.npmjs.org/@types%2fis-boolean-object 164ms (from cache)
364 silly registry:manifest no matching version for @types/is-boolean-object@ts3.6 in the cache. Forcing revalidation.
365 http fetch GET 304 https://registry.npmjs.org/@types%2finquirer 247ms (from cache)
366 silly pacote tag manifest for @types/is-buffer@ts3.6 fetched in 166ms
367 http fetch GET 304 https://registry.npmjs.org/@types%2fis-callable 152ms (from cache)
368 silly pacote tag manifest for @types/inquirer@ts3.6 fetched in 266ms
369 http fetch GET 304 https://registry.npmjs.org/@types%2fis-ci 148ms (from cache)
370 silly pacote tag manifest for @types/is-callable@ts3.6 fetched in 163ms
371 silly pacote tag manifest for @types/is-ci@ts3.6 fetched in 155ms
372 http fetch GET 200 https://registry.npmjs.org/@types%2fis-bigint 96ms
373 silly fetchPackageMetaData error for @types/is-bigint@ts3.6 No matching version found for @types/is-bigint@ts3.6.
374 http fetch GET 200 https://registry.npmjs.org/@types%2fis-boolean-object 77ms
375 silly fetchPackageMetaData error for @types/is-boolean-object@ts3.6 No matching version found for @types/is-boolean-object@ts3.6.
376 http fetch GET 304 https://registry.npmjs.org/@types%2fis-core-module 119ms (from cache)
377 silly pacote tag manifest for @types/is-core-module@ts3.6 fetched in 136ms
378 http fetch GET 304 https://registry.npmjs.org/@types%2fis-data-descriptor 148ms (from cache)
379 silly registry:manifest no matching version for @types/is-data-descriptor@ts3.6 in the cache. Forcing revalidation.
380 http fetch GET 304 https://registry.npmjs.org/@types%2fis-date-object 160ms (from cache)
381 http fetch GET 304 https://registry.npmjs.org/@types%2fis-glob 147ms (from cache)
382 silly pacote tag manifest for @types/is-glob@ts3.6 fetched in 156ms
383 silly pacote tag manifest for @types/is-date-object@ts3.6 fetched in 172ms
384 http fetch GET 304 https://registry.npmjs.org/@types%2fis-regex 143ms (from cache)
385 http fetch GET 304 https://registry.npmjs.org/@types%2fis-string 139ms (from cache)
386 silly registry:manifest no matching version for @types/is-string@ts3.6 in the cache. Forcing revalidation.
387 http fetch GET 304 https://registry.npmjs.org/@types%2fis-number 158ms (from cache)
388 silly pacote tag manifest for @types/is-regex@ts3.6 fetched in 157ms
389 silly pacote tag manifest for @types/is-number@ts3.6 fetched in 174ms
390 http fetch GET 304 https://registry.npmjs.org/@types%2fis-typedarray 132ms (from cache)
391 silly pacote tag manifest for @types/is-typedarray@ts3.6 fetched in 137ms
392 http fetch GET 304 https://registry.npmjs.org/@types%2fis-windows 132ms (from cache)
393 silly pacote tag manifest for @types/is-windows@ts3.6 fetched in 142ms
394 http fetch GET 200 https://registry.npmjs.org/@types%2fis-data-descriptor 90ms
395 silly fetchPackageMetaData error for @types/is-data-descriptor@ts3.6 No matching version found for @types/is-data-descriptor@ts3.6.
396 http fetch GET 200 https://registry.npmjs.org/@types%2fis-string 138ms
397 silly fetchPackageMetaData error for @types/is-string@ts3.6 No matching version found for @types/is-string@ts3.6.
398 http fetch GET 304 https://registry.npmjs.org/@types%2fistanbul-lib-instrument 141ms (from cache)
399 http fetch GET 304 https://registry.npmjs.org/@types%2fistanbul-lib-coverage 162ms (from cache)
400 http fetch GET 304 https://registry.npmjs.org/@types%2fisexe 166ms (from cache)
401 http fetch GET 304 https://registry.npmjs.org/@types%2fistanbul-lib-report 140ms (from cache)
402 silly pacote tag manifest for @types/istanbul-lib-instrument@ts3.6 fetched in 150ms
403 silly pacote tag manifest for @types/istanbul-lib-coverage@ts3.6 fetched in 171ms
404 silly pacote tag manifest for @types/isexe@ts3.6 fetched in 175ms
405 http fetch GET 304 https://registry.npmjs.org/@types%2fistanbul-reports 122ms (from cache)
406 http fetch GET 304 https://registry.npmjs.org/@types%2fistanbul-lib-source-maps 135ms (from cache)
407 silly pacote tag manifest for @types/istanbul-lib-report@ts3.6 fetched in 151ms
408 silly pacote tag manifest for @types/istanbul-reports@ts3.6 fetched in 134ms
409 silly pacote tag manifest for @types/istanbul-lib-source-maps@ts3.6 fetched in 151ms
410 http fetch GET 304 https://registry.npmjs.org/@types%2fjs-yaml 78ms (from cache)
411 silly pacote tag manifest for @types/js-yaml@ts3.6 fetched in 82ms
412 http fetch GET 304 https://registry.npmjs.org/@types%2fjsdom 81ms (from cache)
413 silly pacote tag manifest for @types/jsdom@ts3.6 fetched in 84ms
414 http fetch GET 304 https://registry.npmjs.org/@types%2fjsesc 135ms (from cache)
415 http fetch GET 304 https://registry.npmjs.org/@types%2fjsonfile 118ms (from cache)
416 http fetch GET 304 https://registry.npmjs.org/@types%2fkind-of 118ms (from cache)
417 http fetch GET 304 https://registry.npmjs.org/@types%2fjson-parse-better-errors 140ms (from cache)
418 silly pacote tag manifest for @types/jsesc@ts3.6 fetched in 147ms
419 silly pacote tag manifest for @types/kind-of@ts3.6 fetched in 134ms
420 silly pacote tag manifest for @types/jsonfile@ts3.6 fetched in 136ms
421 silly pacote tag manifest for @types/json-parse-better-errors@ts3.6 fetched in 160ms
422 http fetch GET 304 https://registry.npmjs.org/@types%2flanguage-tags 133ms (from cache)
423 silly registry:manifest no matching version for @types/language-tags@ts3.6 in the cache. Forcing revalidation.
424 http fetch GET 200 https://registry.npmjs.org/@types%2fjson2mq 188ms
425 http fetch GET 304 https://registry.npmjs.org/@types%2fdefaults 2399ms (from cache)
426 http fetch GET 304 https://registry.npmjs.org/@types%2floader-runner 123ms (from cache)
427 silly pacote tag manifest for @types/defaults@ts3.6 fetched in 2405ms
428 silly pacote tag manifest for @types/loader-runner@ts3.6 fetched in 128ms
429 http fetch GET 304 https://registry.npmjs.org/@types%2floader-utils 79ms (from cache)
430 silly pacote tag manifest for @types/loader-utils@ts3.6 fetched in 84ms
431 http fetch GET 304 https://registry.npmjs.org/@types%2flodash 97ms (from cache)
432 silly pacote tag manifest for @types/lodash@ts3.6 fetched in 110ms
433 http fetch GET 200 https://registry.npmjs.org/@types%2flanguage-tags 83ms
434 silly fetchPackageMetaData error for @types/language-tags@ts3.6 No matching version found for @types/language-tags@ts3.6.
435 http fetch GET 304 https://registry.npmjs.org/@types%2flodash.debounce 117ms (from cache)
436 http fetch GET 304 https://registry.npmjs.org/@types%2flodash.memoize 115ms (from cache)
437 silly pacote tag manifest for @types/lodash.debounce@ts3.6 fetched in 122ms
438 silly pacote tag manifest for @types/lodash.memoize@ts3.6 fetched in 118ms
439 http fetch GET 200 https://registry.npmjs.org/@types/json2mq/-/json2mq-0.2.0.tgz 103ms
440 silly pacote tag manifest for @types/json2mq@ts3.6 fetched in 298ms
441 http fetch GET 304 https://registry.npmjs.org/@types%2fisarray 1095ms (from cache)
442 silly pacote tag manifest for @types/isarray@ts3.6 fetched in 1100ms
443 http fetch GET 304 https://registry.npmjs.org/@types%2fjs-levenshtein 2443ms (from cache)
444 silly pacote tag manifest for @types/js-levenshtein@ts3.6 fetched in 2457ms
445 timing stage:rollbackFailedOptional Completed in 5ms
446 timing stage:runTopLevelLifecycles Completed in 7155ms
447 verbose type tag
448 verbose stack @types/call-bind: No matching version found for @types/call-bind@ts3.6.
448 verbose stack     at pickManifest (/usr/local/lib/node_modules/npm/node_modules/npm-pick-manifest/index.js:122:13)
448 verbose stack     at /usr/local/lib/node_modules/npm/node_modules/pacote/lib/fetchers/registry/manifest.js:43:18
448 verbose stack     at tryCatcher (/usr/local/lib/node_modules/npm/node_modules/bluebird/js/release/util.js:16:23)
448 verbose stack     at Promise._settlePromiseFromHandler (/usr/local/lib/node_modules/npm/node_modules/bluebird/js/release/promise.js:517:31)
448 verbose stack     at Promise._settlePromise (/usr/local/lib/node_modules/npm/node_modules/bluebird/js/release/promise.js:574:18)
448 verbose stack     at Promise._settlePromise0 (/usr/local/lib/node_modules/npm/node_modules/bluebird/js/release/promise.js:619:10)
448 verbose stack     at Promise._settlePromises (/usr/local/lib/node_modules/npm/node_modules/bluebird/js/release/promise.js:699:18)
448 verbose stack     at _drainQueueStep (/usr/local/lib/node_modules/npm/node_modules/bluebird/js/release/async.js:138:12)
448 verbose stack     at _drainQueue (/usr/local/lib/node_modules/npm/node_modules/bluebird/js/release/async.js:131:9)
448 verbose stack     at Async._drainQueues (/usr/local/lib/node_modules/npm/node_modules/bluebird/js/release/async.js:147:5)
448 verbose stack     at Immediate.Async.drainQueues [as _onImmediate] (/usr/local/lib/node_modules/npm/node_modules/bluebird/js/release/async.js:17:14)
448 verbose stack     at processImmediate (internal/timers.js:456:21)
449 verbose cwd /home/theia/.cache/typescript/3.6
450 verbose Linux 5.10.16.3-microsoft-standard-WSL2
451 verbose argv "/usr/local/bin/node" "/usr/local/bin/npm" "install" "--ignore-scripts" "@types/testing-library__jest-dom@ts3.6" "@types/js-cookie@ts3.6" "@types/react@ts3.6" "@types/react-dom@ts3.6" "@types/react-router-dom@ts3.6" "@types/react-slick@ts3.6" "@types/slick-carousel@ts3.6" "@types/eslint-config-prettier@ts3.6" "@types/eslint-plugin-prettier@ts3.6" "@types/prettier@ts3.6" "@types/accepts@ts3.6" "@types/argparse@ts3.6" "@types/aria-query@ts3.6" "@types/arr-diff@ts3.6" "@types/arr-union@ts3.6" "@types/array-unique@ts3.6" "@types/array.prototype.flat@ts3.6" "@types/array.prototype.flatmap@ts3.6" "@types/asap@ts3.6" "@types/assert@ts3.6" "@types/async@ts3.6" "@types/atob@ts3.6" "@types/babel-plugin-macros@ts3.6" "@types/babylon@ts3.6" "@types/balanced-match@ts3.6" "@types/big.js@ts3.6" "@types/bl@ts3.6" "@types/bluebird@ts3.6" "@types/bn.js@ts3.6" "@types/body-parser@ts3.6" "@types/bonjour@ts3.6" "@types/boolbase@ts3.6" "@types/brace-expansion@ts3.6" "@types/braces@ts3.6" "@types/brorand@ts3.6" "@types/bser@ts3.6" "@types/buffer-from@ts3.6" "@types/buffer-xor@ts3.6" "@types/bytes@ts3.6" "@types/cacache@ts3.6" "@types/call-bind@ts3.6" "@types/caniuse-api@ts3.6" "@types/caniuse-lite@ts3.6" "@types/case-sensitive-paths-webpack-plugin@ts3.6" "@types/chardet@ts3.6" "@types/check-types@ts3.6" "@types/chownr@ts3.6" "@types/cipher-base@ts3.6" "@types/clean-css@ts3.6" "@types/cli-spinners@ts3.6" "@types/clone@ts3.6" "@types/co@ts3.6" "@types/color@ts3.6" "@types/color-convert@ts3.6" "@types/color-name@ts3.6" "@types/color-string@ts3.6" "@types/combined-stream@ts3.6" "@types/common-tags@ts3.6" "@types/commondir@ts3.6" "@types/component-emitter@ts3.6" "@types/compose-function@ts3.6" "@types/compressible@ts3.6" "@types/compression@ts3.6" "@types/concat-map@ts3.6" "@types/concat-stream@ts3.6" "@types/confusing-browser-globals@ts3.6" "@types/connect-history-api-fallback@ts3.6" "@types/content-disposition@ts3.6" "@types/content-type@ts3.6" "@types/convert-source-map@ts3.6" "@types/cookie@ts3.6" "@types/cookie-signature@ts3.6" "@types/core-js@ts3.6" "@types/create-hash@ts3.6" "@types/create-hmac@ts3.6" "@types/cross-spawn@ts3.6" "@types/css@ts3.6" "@types/css-declaration-sorter@ts3.6" "@types/css-tree@ts3.6" "@types/css.escape@ts3.6" "@types/cssesc@ts3.6" "@types/csso@ts3.6" "@types/cssom@ts3.6" "@types/cssstyle@ts3.6" "@types/d@ts3.6" "@types/damerau-levenshtein@ts3.6" "@types/data-urls@ts3.6" "@types/debug@ts3.6" "@types/decode-uri-component@ts3.6" "@types/dedent@ts3.6" "@types/deep-equal@ts3.6" "@types/default-gateway@ts3.6" "@types/defaults@ts3.6" "@types/define-properties@ts3.6" "@types/depd@ts3.6" "@types/destroy@ts3.6" "@types/detect-node@ts3.6" "@types/diffie-hellman@ts3.6" "@types/dir-glob@ts3.6" "@types/dns-packet@ts3.6" "@types/doctrine@ts3.6" "@types/domexception@ts3.6" "@types/domutils@ts3.6" "@types/duplexify@ts3.6" "@types/ee-first@ts3.6" "@types/ejs@ts3.6" "@types/elliptic@ts3.6" "@types/encodeurl@ts3.6" "@types/end-of-stream@ts3.6" "@types/enhanced-resolve@ts3.6" "@types/enquire.js@ts3.6" "@types/es-abstract@ts3.6" "@types/es-to-primitive@ts3.6" "@types/escape-html@ts3.6" "@types/escodegen@ts3.6" "@types/eslint@ts3.6" "@types/eslint-scope@ts3.6" "@types/eslint-utils@ts3.6" "@types/eslint-visitor-keys@ts3.6" "@types/esprima@ts3.6" "@types/esquery@ts3.6" "@types/estraverse@ts3.6" "@types/esutils@ts3.6" "@types/etag@ts3.6" "@types/events@ts3.6" "@types/eventsource@ts3.6" "@types/exit@ts3.6" "@types/express@ts3.6" "@types/fast-levenshtein@ts3.6" "@types/fb-watchman@ts3.6" "@types/file-entry-cache@ts3.6" "@types/file-loader@ts3.6" "@types/fill-range@ts3.6" "@types/finalhandler@ts3.6" "@types/find-cache-dir@ts3.6" "@types/flat-cache@ts3.6" "@types/flush-write-stream@ts3.6" "@types/follow-redirects@ts3.6" "@types/forwarded@ts3.6" "@types/fresh@ts3.6" "@types/from2@ts3.6" "@types/fs-extra@ts3.6" "@types/function-bind@ts3.6" "@types/functional-red-black-tree@ts3.6" "@types/gensync@ts3.6" "@types/get-intrinsic@ts3.6" "@types/get-value@ts3.6" "@types/glob@ts3.6" "@types/glob-parent@ts3.6" "@types/global-modules@ts3.6" "@types/global-prefix@ts3.6" "@types/graceful-fs@ts3.6" "@types/has@ts3.6" "@types/has-symbols@ts3.6" "@types/he@ts3.6" "@types/hex-color-regex@ts3.6" "@types/hoist-non-react-statics@ts3.6" "@types/hosted-git-info@ts3.6" "@types/html-encoding-sniffer@ts3.6" "@types/html-escaper@ts3.6" "@types/html-minifier-terser@ts3.6" "@types/http-errors@ts3.6" "@types/http-proxy@ts3.6" "@types/icss-utils@ts3.6" "@types/iferr@ts3.6" "@types/imurmurhash@ts3.6" "@types/inherits@ts3.6" "@types/ini@ts3.6" "@types/inquirer@ts3.6" "@types/internal-slot@ts3.6" "@types/ip@ts3.6" "@types/is-arguments@ts3.6" "@types/is-bigint@ts3.6" "@types/is-boolean-object@ts3.6" "@types/is-buffer@ts3.6" "@types/is-callable@ts3.6" "@types/is-ci@ts3.6" "@types/is-core-module@ts3.6" "@types/is-data-descriptor@ts3.6" "@types/is-date-object@ts3.6" "@types/is-glob@ts3.6" "@types/is-number@ts3.6" "@types/is-regex@ts3.6" "@types/is-string@ts3.6" "@types/is-typedarray@ts3.6" "@types/is-windows@ts3.6" "@types/isarray@ts3.6" "@types/isexe@ts3.6" "@types/istanbul-lib-coverage@ts3.6" "@types/istanbul-lib-instrument@ts3.6" "@types/istanbul-lib-report@ts3.6" "@types/istanbul-lib-source-maps@ts3.6" "@types/istanbul-reports@ts3.6" "@types/js-levenshtein@ts3.6" "@types/js-yaml@ts3.6" "@types/jsdom@ts3.6" "@types/jsesc@ts3.6" "@types/json-parse-better-errors@ts3.6" "@types/json2mq@ts3.6" "@types/jsonfile@ts3.6" "@types/kind-of@ts3.6" "@types/language-tags@ts3.6" "@types/loader-runner@ts3.6" "@types/loader-utils@ts3.6" "@types/lodash@ts3.6" "@types/lodash.debounce@ts3.6" "@types/lodash.memoize@ts3.6" "--save-dev" "--user-agent=typesInstaller/3.6.3"
452 verbose node v12.18.3
453 verbose npm  v6.14.6
454 error code ETARGET
455 error notarget No matching version found for @types/call-bind@ts3.6.
456 error notarget In most cases you or one of your dependencies are requesting
456 error notarget a package version that doesn't exist.
457 verbose exit [ 1, true ]
